{"D:\\ASCEND PROJECT\\packages\\sdk\\src\\cache\\cache-entry.ts": {"path":"D:\\ASCEND PROJECT\\packages\\sdk\\src\\cache\\cache-entry.ts","all":false,"statementMap":{"2":{"start":{"line":3,"column":0},"end":{"line":3,"column":75}},"3":{"start":{"line":4,"column":0},"end":{"line":4,"column":24}},"4":{"start":{"line":5,"column":0},"end":{"line":5,"column":10}},"5":{"start":{"line":6,"column":0},"end":{"line":6,"column":10}},"6":{"start":{"line":7,"column":0},"end":{"line":7,"column":25}},"7":{"start":{"line":8,"column":0},"end":{"line":8,"column":19}},"8":{"start":{"line":9,"column":0},"end":{"line":9,"column":16}},"9":{"start":{"line":10,"column":0},"end":{"line":10,"column":3}},"10":{"start":{"line":11,"column":0},"end":{"line":11,"column":1}},"12":{"start":{"line":13,"column":0},"end":{"line":13,"column":64}},"13":{"start":{"line":14,"column":0},"end":{"line":14,"column":37}},"14":{"start":{"line":15,"column":0},"end":{"line":15,"column":1}}},"s":{"2":1,"3":16,"4":16,"5":16,"6":16,"7":16,"8":16,"9":16,"10":16,"12":1,"13":8,"14":8},"branchMap":{"0":{"type":"branch","line":3,"loc":{"start":{"line":3,"column":7},"end":{"line":11,"column":1}},"locations":[{"start":{"line":3,"column":7},"end":{"line":11,"column":1}}]},"1":{"type":"branch","line":13,"loc":{"start":{"line":13,"column":7},"end":{"line":15,"column":1}},"locations":[{"start":{"line":13,"column":7},"end":{"line":15,"column":1}}]}},"b":{"0":[16],"1":[8]},"fnMap":{"0":{"name":"createCacheEntry","decl":{"start":{"line":3,"column":7},"end":{"line":11,"column":1}},"loc":{"start":{"line":3,"column":7},"end":{"line":11,"column":1}},"line":3},"1":{"name":"isExpired","decl":{"start":{"line":13,"column":7},"end":{"line":15,"column":1}},"loc":{"start":{"line":13,"column":7},"end":{"line":15,"column":1}},"line":13}},"f":{"0":16,"1":8}}
,"D:\\ASCEND PROJECT\\packages\\sdk\\src\\cache\\cache-key.ts": {"path":"D:\\ASCEND PROJECT\\packages\\sdk\\src\\cache\\cache-key.ts","all":false,"statementMap":{"0":{"start":{"line":1,"column":0},"end":{"line":1,"column":103}},"1":{"start":{"line":2,"column":0},"end":{"line":2,"column":52}},"2":{"start":{"line":3,"column":0},"end":{"line":3,"column":30}},"3":{"start":{"line":4,"column":0},"end":{"line":4,"column":3}},"5":{"start":{"line":6,"column":0},"end":{"line":6,"column":39}},"6":{"start":{"line":7,"column":0},"end":{"line":7,"column":43}},"7":{"start":{"line":8,"column":0},"end":{"line":8,"column":33}},"8":{"start":{"line":9,"column":0},"end":{"line":9,"column":14}},"10":{"start":{"line":11,"column":0},"end":{"line":11,"column":38}},"11":{"start":{"line":12,"column":0},"end":{"line":12,"column":1}}},"s":{"0":1,"1":2,"2":1,"3":1,"5":1,"6":1,"7":1,"8":1,"10":1,"11":1},"branchMap":{"0":{"type":"branch","line":1,"loc":{"start":{"line":1,"column":7},"end":{"line":12,"column":1}},"locations":[{"start":{"line":1,"column":7},"end":{"line":12,"column":1}}]},"1":{"type":"branch","line":2,"loc":{"start":{"line":2,"column":7},"end":{"line":2,"column":51}},"locations":[{"start":{"line":2,"column":7},"end":{"line":2,"column":51}}]},"2":{"type":"branch","line":2,"loc":{"start":{"line":2,"column":51},"end":{"line":12,"column":1}},"locations":[{"start":{"line":2,"column":51},"end":{"line":12,"column":1}}]},"3":{"type":"branch","line":7,"loc":{"start":{"line":7,"column":10},"end":{"line":7,"column":42}},"locations":[{"start":{"line":7,"column":10},"end":{"line":7,"column":42}}]},"4":{"type":"branch","line":8,"loc":{"start":{"line":8,"column":9},"end":{"line":8,"column":32}},"locations":[{"start":{"line":8,"column":9},"end":{"line":8,"column":32}}]}},"b":{"0":[2],"1":[1],"2":[1],"3":[1],"4":[2]},"fnMap":{"0":{"name":"createCacheKey","decl":{"start":{"line":1,"column":7},"end":{"line":12,"column":1}},"loc":{"start":{"line":1,"column":7},"end":{"line":12,"column":1}},"line":1}},"f":{"0":2}}
,"D:\\ASCEND PROJECT\\packages\\sdk\\src\\cache\\cache-policy.ts": {"path":"D:\\ASCEND PROJECT\\packages\\sdk\\src\\cache\\cache-policy.ts","all":false,"statementMap":{"2":{"start":{"line":3,"column":0},"end":{"line":3,"column":50}},"3":{"start":{"line":4,"column":0},"end":{"line":4,"column":14}},"4":{"start":{"line":5,"column":0},"end":{"line":5,"column":29}},"5":{"start":{"line":6,"column":0},"end":{"line":6,"column":18}},"6":{"start":{"line":7,"column":0},"end":{"line":7,"column":1}},"8":{"start":{"line":9,"column":0},"end":{"line":9,"column":94}},"9":{"start":{"line":10,"column":0},"end":{"line":10,"column":35}},"10":{"start":{"line":11,"column":0},"end":{"line":11,"column":33}},"11":{"start":{"line":12,"column":0},"end":{"line":12,"column":1}}},"s":{"2":1,"3":1,"4":1,"5":1,"6":1,"8":1,"9":65,"10":4,"11":4},"branchMap":{"0":{"type":"branch","line":9,"loc":{"start":{"line":9,"column":7},"end":{"line":12,"column":1}},"locations":[{"start":{"line":9,"column":7},"end":{"line":12,"column":1}}]},"1":{"type":"branch","line":10,"loc":{"start":{"line":10,"column":17},"end":{"line":10,"column":35}},"locations":[{"start":{"line":10,"column":17},"end":{"line":10,"column":35}}]},"2":{"type":"branch","line":10,"loc":{"start":{"line":10,"column":34},"end":{"line":12,"column":1}},"locations":[{"start":{"line":10,"column":34},"end":{"line":12,"column":1}}]}},"b":{"0":[65],"1":[61],"2":[4]},"fnMap":{"0":{"name":"mergePolicy","decl":{"start":{"line":9,"column":7},"end":{"line":12,"column":1}},"loc":{"start":{"line":9,"column":7},"end":{"line":12,"column":1}},"line":9}},"f":{"0":65}}
,"D:\\ASCEND PROJECT\\packages\\sdk\\src\\cache\\cache-store.ts": {"path":"D:\\ASCEND PROJECT\\packages\\sdk\\src\\cache\\cache-store.ts","all":false,"statementMap":{"0":{"start":{"line":1,"column":0},"end":{"line":1,"column":77}},"7":{"start":{"line":8,"column":0},"end":{"line":8,"column":55}},"8":{"start":{"line":9,"column":0},"end":{"line":9,"column":56}},"9":{"start":{"line":10,"column":0},"end":{"line":10,"column":19}},"10":{"start":{"line":11,"column":0},"end":{"line":11,"column":21}},"11":{"start":{"line":12,"column":0},"end":{"line":12,"column":29}},"12":{"start":{"line":13,"column":0},"end":{"line":13,"column":26}},"14":{"start":{"line":15,"column":0},"end":{"line":15,"column":64}},"15":{"start":{"line":16,"column":0},"end":{"line":16,"column":24}},"16":{"start":{"line":17,"column":0},"end":{"line":17,"column":59}},"17":{"start":{"line":18,"column":0},"end":{"line":18,"column":3}},"19":{"start":{"line":20,"column":0},"end":{"line":20,"column":65}},"20":{"start":{"line":21,"column":0},"end":{"line":21,"column":66}},"21":{"start":{"line":22,"column":0},"end":{"line":22,"column":17}},"22":{"start":{"line":23,"column":0},"end":{"line":23,"column":20}},"23":{"start":{"line":24,"column":0},"end":{"line":24,"column":47}},"24":{"start":{"line":25,"column":0},"end":{"line":25,"column":55}},"25":{"start":{"line":26,"column":0},"end":{"line":26,"column":22}},"26":{"start":{"line":27,"column":0},"end":{"line":27,"column":5}},"28":{"start":{"line":29,"column":0},"end":{"line":29,"column":27}},"29":{"start":{"line":30,"column":0},"end":{"line":30,"column":28}},"30":{"start":{"line":31,"column":0},"end":{"line":31,"column":20}},"31":{"start":{"line":32,"column":0},"end":{"line":32,"column":47}},"32":{"start":{"line":33,"column":0},"end":{"line":33,"column":55}},"34":{"start":{"line":35,"column":0},"end":{"line":35,"column":45}},"35":{"start":{"line":36,"column":0},"end":{"line":36,"column":24}},"36":{"start":{"line":37,"column":0},"end":{"line":37,"column":20}},"37":{"start":{"line":38,"column":0},"end":{"line":38,"column":7}},"38":{"start":{"line":39,"column":0},"end":{"line":39,"column":22}},"39":{"start":{"line":40,"column":0},"end":{"line":40,"column":5}},"41":{"start":{"line":42,"column":0},"end":{"line":42,"column":16}},"42":{"start":{"line":43,"column":0},"end":{"line":43,"column":20}},"43":{"start":{"line":44,"column":0},"end":{"line":44,"column":79}},"44":{"start":{"line":45,"column":0},"end":{"line":45,"column":52}},"45":{"start":{"line":46,"column":0},"end":{"line":46,"column":16}},"46":{"start":{"line":47,"column":0},"end":{"line":47,"column":3}},"48":{"start":{"line":49,"column":0},"end":{"line":49,"column":87}},"49":{"start":{"line":50,"column":0},"end":{"line":50,"column":52}},"50":{"start":{"line":51,"column":0},"end":{"line":51,"column":24}},"51":{"start":{"line":52,"column":0},"end":{"line":52,"column":5}},"53":{"start":{"line":54,"column":0},"end":{"line":54,"column":53}},"54":{"start":{"line":55,"column":0},"end":{"line":55,"column":53}},"55":{"start":{"line":56,"column":0},"end":{"line":56,"column":30}},"56":{"start":{"line":57,"column":0},"end":{"line":57,"column":3}},"58":{"start":{"line":59,"column":0},"end":{"line":59,"column":47}},"59":{"start":{"line":60,"column":0},"end":{"line":60,"column":33}},"60":{"start":{"line":61,"column":0},"end":{"line":61,"column":3}},"62":{"start":{"line":63,"column":0},"end":{"line":63,"column":32}},"63":{"start":{"line":64,"column":0},"end":{"line":64,"column":33}},"64":{"start":{"line":65,"column":0},"end":{"line":65,"column":22}},"65":{"start":{"line":66,"column":0},"end":{"line":66,"column":18}},"66":{"start":{"line":67,"column":0},"end":{"line":67,"column":20}},"67":{"start":{"line":68,"column":0},"end":{"line":68,"column":59}},"68":{"start":{"line":69,"column":0},"end":{"line":69,"column":56}},"69":{"start":{"line":70,"column":0},"end":{"line":70,"column":3}},"71":{"start":{"line":72,"column":0},"end":{"line":72,"column":44}},"72":{"start":{"line":73,"column":0},"end":{"line":73,"column":37}},"73":{"start":{"line":74,"column":0},"end":{"line":74,"column":28}},"74":{"start":{"line":75,"column":0},"end":{"line":75,"column":27}},"75":{"start":{"line":76,"column":0},"end":{"line":76,"column":28}},"76":{"start":{"line":77,"column":0},"end":{"line":77,"column":18}},"77":{"start":{"line":78,"column":0},"end":{"line":78,"column":5}},"78":{"start":{"line":79,"column":0},"end":{"line":79,"column":15}},"79":{"start":{"line":80,"column":0},"end":{"line":80,"column":3}},"81":{"start":{"line":82,"column":0},"end":{"line":82,"column":33}},"82":{"start":{"line":83,"column":0},"end":{"line":83,"column":26}},"83":{"start":{"line":84,"column":0},"end":{"line":84,"column":3}},"85":{"start":{"line":86,"column":0},"end":{"line":86,"column":33}},"86":{"start":{"line":87,"column":0},"end":{"line":87,"column":21}},"87":{"start":{"line":88,"column":0},"end":{"line":88,"column":3}},"89":{"start":{"line":90,"column":0},"end":{"line":90,"column":35}},"90":{"start":{"line":91,"column":0},"end":{"line":91,"column":23}},"91":{"start":{"line":92,"column":0},"end":{"line":92,"column":3}},"93":{"start":{"line":94,"column":0},"end":{"line":94,"column":31}},"94":{"start":{"line":95,"column":0},"end":{"line":95,"column":34}},"95":{"start":{"line":96,"column":0},"end":{"line":96,"column":29}},"97":{"start":{"line":98,"column":0},"end":{"line":98,"column":54}},"98":{"start":{"line":99,"column":0},"end":{"line":99,"column":41}},"99":{"start":{"line":100,"column":0},"end":{"line":100,"column":36}},"100":{"start":{"line":101,"column":0},"end":{"line":101,"column":20}},"101":{"start":{"line":102,"column":0},"end":{"line":102,"column":7}},"102":{"start":{"line":103,"column":0},"end":{"line":103,"column":5}},"104":{"start":{"line":105,"column":0},"end":{"line":105,"column":17}},"105":{"start":{"line":106,"column":0},"end":{"line":106,"column":31}},"106":{"start":{"line":107,"column":0},"end":{"line":107,"column":5}},"107":{"start":{"line":108,"column":0},"end":{"line":108,"column":3}},"108":{"start":{"line":109,"column":0},"end":{"line":109,"column":1}}},"s":{"0":1,"7":1,"8":49,"9":49,"10":49,"11":49,"12":49,"14":49,"15":49,"16":49,"17":49,"19":49,"20":9,"21":9,"22":3,"23":3,"24":3,"25":3,"26":3,"28":9,"29":2,"30":2,"31":2,"32":2,"34":2,"35":1,"36":1,"37":1,"38":1,"39":1,"41":4,"42":4,"43":4,"44":4,"45":4,"46":9,"48":49,"49":16,"50":1,"51":1,"53":16,"54":16,"55":16,"56":16,"58":49,"59":1,"60":1,"62":49,"63":9,"64":9,"65":9,"66":9,"67":9,"68":9,"69":9,"71":49,"72":5,"73":5,"74":5,"75":1,"76":1,"77":1,"78":1,"79":5,"81":49,"82":32,"83":32,"85":49,"86":28,"87":28,"89":49,"90":28,"91":28,"93":49,"94":1,"95":1,"97":1,"98":2,"99":1,"100":1,"101":1,"102":2,"104":1,"105":1,"106":1,"107":1,"108":49},"branchMap":{"0":{"type":"branch","line":8,"loc":{"start":{"line":8,"column":54},"end":{"line":109,"column":1}},"locations":[{"start":{"line":8,"column":54},"end":{"line":109,"column":1}}]},"1":{"type":"branch","line":15,"loc":{"start":{"line":15,"column":2},"end":{"line":18,"column":3}},"locations":[{"start":{"line":15,"column":2},"end":{"line":18,"column":3}}]},"2":{"type":"branch","line":20,"loc":{"start":{"line":20,"column":2},"end":{"line":47,"column":3}},"locations":[{"start":{"line":20,"column":2},"end":{"line":47,"column":3}}]},"3":{"type":"branch","line":22,"loc":{"start":{"line":22,"column":16},"end":{"line":27,"column":5}},"locations":[{"start":{"line":22,"column":16},"end":{"line":27,"column":5}}]},"4":{"type":"branch","line":27,"loc":{"start":{"line":27,"column":4},"end":{"line":29,"column":26}},"locations":[{"start":{"line":27,"column":4},"end":{"line":29,"column":26}}]},"5":{"type":"branch","line":29,"loc":{"start":{"line":29,"column":26},"end":{"line":40,"column":5}},"locations":[{"start":{"line":29,"column":26},"end":{"line":40,"column":5}}]},"6":{"type":"branch","line":35,"loc":{"start":{"line":35,"column":44},"end":{"line":40,"column":5}},"locations":[{"start":{"line":35,"column":44},"end":{"line":40,"column":5}}]},"7":{"type":"branch","line":40,"loc":{"start":{"line":40,"column":4},"end":{"line":46,"column":16}},"locations":[{"start":{"line":40,"column":4},"end":{"line":46,"column":16}}]},"8":{"type":"branch","line":49,"loc":{"start":{"line":49,"column":2},"end":{"line":57,"column":3}},"locations":[{"start":{"line":49,"column":2},"end":{"line":57,"column":3}}]},"9":{"type":"branch","line":50,"loc":{"start":{"line":50,"column":51},"end":{"line":52,"column":5}},"locations":[{"start":{"line":50,"column":51},"end":{"line":52,"column":5}}]},"10":{"type":"branch","line":59,"loc":{"start":{"line":59,"column":2},"end":{"line":61,"column":3}},"locations":[{"start":{"line":59,"column":2},"end":{"line":61,"column":3}}]},"11":{"type":"branch","line":63,"loc":{"start":{"line":63,"column":2},"end":{"line":70,"column":3}},"locations":[{"start":{"line":63,"column":2},"end":{"line":70,"column":3}}]},"12":{"type":"branch","line":72,"loc":{"start":{"line":72,"column":2},"end":{"line":80,"column":3}},"locations":[{"start":{"line":72,"column":2},"end":{"line":80,"column":3}}]},"13":{"type":"branch","line":74,"loc":{"start":{"line":74,"column":16},"end":{"line":74,"column":28}},"locations":[{"start":{"line":74,"column":16},"end":{"line":74,"column":28}}]},"14":{"type":"branch","line":74,"loc":{"start":{"line":74,"column":23},"end":{"line":75,"column":26}},"locations":[{"start":{"line":74,"column":23},"end":{"line":75,"column":26}}]},"15":{"type":"branch","line":75,"loc":{"start":{"line":75,"column":26},"end":{"line":79,"column":15}},"locations":[{"start":{"line":75,"column":26},"end":{"line":79,"column":15}}]},"16":{"type":"branch","line":82,"loc":{"start":{"line":82,"column":2},"end":{"line":84,"column":3}},"locations":[{"start":{"line":82,"column":2},"end":{"line":84,"column":3}}]},"17":{"type":"branch","line":86,"loc":{"start":{"line":86,"column":2},"end":{"line":88,"column":3}},"locations":[{"start":{"line":86,"column":2},"end":{"line":88,"column":3}}]},"18":{"type":"branch","line":90,"loc":{"start":{"line":90,"column":2},"end":{"line":92,"column":3}},"locations":[{"start":{"line":90,"column":2},"end":{"line":92,"column":3}}]},"19":{"type":"branch","line":94,"loc":{"start":{"line":94,"column":10},"end":{"line":108,"column":3}},"locations":[{"start":{"line":94,"column":10},"end":{"line":108,"column":3}}]},"20":{"type":"branch","line":98,"loc":{"start":{"line":98,"column":53},"end":{"line":103,"column":5}},"locations":[{"start":{"line":98,"column":53},"end":{"line":103,"column":5}}]},"21":{"type":"branch","line":99,"loc":{"start":{"line":99,"column":40},"end":{"line":102,"column":7}},"locations":[{"start":{"line":99,"column":40},"end":{"line":102,"column":7}}]}},"b":{"0":[49],"1":[49],"2":[9],"3":[3],"4":[6],"5":[2],"6":[1],"7":[4],"8":[16],"9":[1],"10":[1],"11":[9],"12":[5],"13":[3],"14":[2],"15":[1],"16":[32],"17":[28],"18":[28],"19":[1],"20":[2],"21":[1]},"fnMap":{"0":{"name":"<instance_members_initializer>","decl":{"start":{"line":8,"column":54},"end":{"line":109,"column":1}},"loc":{"start":{"line":8,"column":54},"end":{"line":109,"column":1}},"line":8},"1":{"name":"InMemoryCacheStore","decl":{"start":{"line":15,"column":2},"end":{"line":18,"column":3}},"loc":{"start":{"line":15,"column":2},"end":{"line":18,"column":3}},"line":15},"2":{"name":"get","decl":{"start":{"line":20,"column":2},"end":{"line":47,"column":3}},"loc":{"start":{"line":20,"column":2},"end":{"line":47,"column":3}},"line":20},"3":{"name":"set","decl":{"start":{"line":49,"column":2},"end":{"line":57,"column":3}},"loc":{"start":{"line":49,"column":2},"end":{"line":57,"column":3}},"line":49},"4":{"name":"delete","decl":{"start":{"line":59,"column":2},"end":{"line":61,"column":3}},"loc":{"start":{"line":59,"column":2},"end":{"line":61,"column":3}},"line":59},"5":{"name":"clear","decl":{"start":{"line":63,"column":2},"end":{"line":70,"column":3}},"loc":{"start":{"line":63,"column":2},"end":{"line":70,"column":3}},"line":63},"6":{"name":"has","decl":{"start":{"line":72,"column":2},"end":{"line":80,"column":3}},"loc":{"start":{"line":72,"column":2},"end":{"line":80,"column":3}},"line":72},"7":{"name":"size","decl":{"start":{"line":82,"column":2},"end":{"line":84,"column":3}},"loc":{"start":{"line":82,"column":2},"end":{"line":84,"column":3}},"line":82},"8":{"name":"hits","decl":{"start":{"line":86,"column":2},"end":{"line":88,"column":3}},"loc":{"start":{"line":86,"column":2},"end":{"line":88,"column":3}},"line":86},"9":{"name":"misses","decl":{"start":{"line":90,"column":2},"end":{"line":92,"column":3}},"loc":{"start":{"line":90,"column":2},"end":{"line":92,"column":3}},"line":90},"10":{"name":"evictOldest","decl":{"start":{"line":94,"column":10},"end":{"line":108,"column":3}},"loc":{"start":{"line":94,"column":10},"end":{"line":108,"column":3}},"line":94}},"f":{"0":49,"1":49,"2":9,"3":16,"4":1,"5":9,"6":5,"7":32,"8":28,"9":28,"10":1}}
,"D:\\ASCEND PROJECT\\packages\\sdk\\src\\core\\ascend-sdk.ts": {"path":"D:\\ASCEND PROJECT\\packages\\sdk\\src\\core\\ascend-sdk.ts","all":false,"statementMap":{"0":{"start":{"line":1,"column":0},"end":{"line":1,"column":55}},"18":{"start":{"line":19,"column":0},"end":{"line":19,"column":34}},"20":{"start":{"line":21,"column":0},"end":{"line":21,"column":66}},"22":{"start":{"line":23,"column":0},"end":{"line":23,"column":24}},"23":{"start":{"line":24,"column":0},"end":{"line":24,"column":38}},"24":{"start":{"line":25,"column":0},"end":{"line":25,"column":27}},"25":{"start":{"line":26,"column":0},"end":{"line":26,"column":25}},"26":{"start":{"line":27,"column":0},"end":{"line":27,"column":23}},"27":{"start":{"line":28,"column":0},"end":{"line":28,"column":28}},"29":{"start":{"line":30,"column":0},"end":{"line":30,"column":31}},"30":{"start":{"line":31,"column":0},"end":{"line":31,"column":31}},"32":{"start":{"line":33,"column":0},"end":{"line":33,"column":46}},"33":{"start":{"line":34,"column":0},"end":{"line":34,"column":56}},"34":{"start":{"line":35,"column":0},"end":{"line":35,"column":59}},"35":{"start":{"line":36,"column":0},"end":{"line":36,"column":52}},"36":{"start":{"line":37,"column":0},"end":{"line":37,"column":43}},"37":{"start":{"line":38,"column":0},"end":{"line":38,"column":70}},"38":{"start":{"line":39,"column":0},"end":{"line":39,"column":61}},"39":{"start":{"line":40,"column":0},"end":{"line":40,"column":63}},"40":{"start":{"line":41,"column":0},"end":{"line":41,"column":3}},"42":{"start":{"line":43,"column":0},"end":{"line":43,"column":30}},"43":{"start":{"line":44,"column":0},"end":{"line":44,"column":26}},"44":{"start":{"line":45,"column":0},"end":{"line":45,"column":3}},"46":{"start":{"line":47,"column":0},"end":{"line":47,"column":23}},"47":{"start":{"line":48,"column":0},"end":{"line":48,"column":32}},"48":{"start":{"line":49,"column":0},"end":{"line":49,"column":3}},"50":{"start":{"line":51,"column":0},"end":{"line":51,"column":55}},"51":{"start":{"line":52,"column":0},"end":{"line":52,"column":71}},"53":{"start":{"line":54,"column":0},"end":{"line":54,"column":76}},"55":{"start":{"line":56,"column":0},"end":{"line":56,"column":9}},"56":{"start":{"line":57,"column":0},"end":{"line":57,"column":33}},"58":{"start":{"line":59,"column":0},"end":{"line":59,"column":29}},"59":{"start":{"line":60,"column":0},"end":{"line":60,"column":45}},"60":{"start":{"line":61,"column":0},"end":{"line":61,"column":7}},"62":{"start":{"line":63,"column":0},"end":{"line":63,"column":69}},"64":{"start":{"line":65,"column":0},"end":{"line":65,"column":55}},"65":{"start":{"line":66,"column":0},"end":{"line":66,"column":60}},"66":{"start":{"line":67,"column":0},"end":{"line":67,"column":33}},"68":{"start":{"line":69,"column":0},"end":{"line":69,"column":75}},"70":{"start":{"line":71,"column":0},"end":{"line":71,"column":26}},"71":{"start":{"line":72,"column":0},"end":{"line":72,"column":32}},"72":{"start":{"line":73,"column":0},"end":{"line":73,"column":7}},"74":{"start":{"line":75,"column":0},"end":{"line":75,"column":31}},"76":{"start":{"line":77,"column":0},"end":{"line":77,"column":73}},"78":{"start":{"line":79,"column":0},"end":{"line":79,"column":40}},"79":{"start":{"line":80,"column":0},"end":{"line":80,"column":63}},"81":{"start":{"line":82,"column":0},"end":{"line":82,"column":54}},"82":{"start":{"line":83,"column":0},"end":{"line":83,"column":21}},"83":{"start":{"line":84,"column":0},"end":{"line":84,"column":75}},"84":{"start":{"line":85,"column":0},"end":{"line":85,"column":76}},"85":{"start":{"line":86,"column":0},"end":{"line":86,"column":76}},"87":{"start":{"line":88,"column":0},"end":{"line":88,"column":54}},"88":{"start":{"line":89,"column":0},"end":{"line":89,"column":77}},"89":{"start":{"line":90,"column":0},"end":{"line":90,"column":7}},"90":{"start":{"line":91,"column":0},"end":{"line":91,"column":53}},"91":{"start":{"line":92,"column":0},"end":{"line":92,"column":76}},"92":{"start":{"line":93,"column":0},"end":{"line":93,"column":7}},"94":{"start":{"line":95,"column":0},"end":{"line":95,"column":15}},"95":{"start":{"line":96,"column":0},"end":{"line":96,"column":5}},"96":{"start":{"line":97,"column":0},"end":{"line":97,"column":3}},"98":{"start":{"line":99,"column":0},"end":{"line":99,"column":35}},"99":{"start":{"line":100,"column":0},"end":{"line":100,"column":51}},"100":{"start":{"line":101,"column":0},"end":{"line":101,"column":51}},"102":{"start":{"line":103,"column":0},"end":{"line":103,"column":81}},"104":{"start":{"line":105,"column":0},"end":{"line":105,"column":9}},"105":{"start":{"line":106,"column":0},"end":{"line":106,"column":31}},"106":{"start":{"line":107,"column":0},"end":{"line":107,"column":30}},"107":{"start":{"line":108,"column":0},"end":{"line":108,"column":39}},"109":{"start":{"line":110,"column":0},"end":{"line":110,"column":45}},"110":{"start":{"line":111,"column":0},"end":{"line":111,"column":82}},"111":{"start":{"line":112,"column":0},"end":{"line":112,"column":68}},"112":{"start":{"line":113,"column":0},"end":{"line":113,"column":7}},"113":{"start":{"line":114,"column":0},"end":{"line":114,"column":74}},"115":{"start":{"line":116,"column":0},"end":{"line":116,"column":55}},"116":{"start":{"line":117,"column":0},"end":{"line":117,"column":48}},"117":{"start":{"line":118,"column":0},"end":{"line":118,"column":11}},"119":{"start":{"line":120,"column":0},"end":{"line":120,"column":60}},"120":{"start":{"line":121,"column":0},"end":{"line":121,"column":47}},"121":{"start":{"line":122,"column":0},"end":{"line":122,"column":21}},"122":{"start":{"line":123,"column":0},"end":{"line":123,"column":71}},"123":{"start":{"line":124,"column":0},"end":{"line":124,"column":5}},"124":{"start":{"line":125,"column":0},"end":{"line":125,"column":3}},"126":{"start":{"line":127,"column":0},"end":{"line":127,"column":44}},"127":{"start":{"line":128,"column":0},"end":{"line":128,"column":55}},"128":{"start":{"line":129,"column":0},"end":{"line":129,"column":45}},"129":{"start":{"line":130,"column":0},"end":{"line":130,"column":45}},"130":{"start":{"line":131,"column":0},"end":{"line":131,"column":49}},"131":{"start":{"line":132,"column":0},"end":{"line":132,"column":51}},"132":{"start":{"line":133,"column":0},"end":{"line":133,"column":73}},"134":{"start":{"line":135,"column":0},"end":{"line":135,"column":33}},"136":{"start":{"line":137,"column":0},"end":{"line":137,"column":47}},"137":{"start":{"line":138,"column":0},"end":{"line":138,"column":51}},"138":{"start":{"line":139,"column":0},"end":{"line":139,"column":5}},"139":{"start":{"line":140,"column":0},"end":{"line":140,"column":46}},"140":{"start":{"line":141,"column":0},"end":{"line":141,"column":50}},"141":{"start":{"line":142,"column":0},"end":{"line":142,"column":5}},"142":{"start":{"line":143,"column":0},"end":{"line":143,"column":123}},"143":{"start":{"line":144,"column":0},"end":{"line":144,"column":79}},"144":{"start":{"line":145,"column":0},"end":{"line":145,"column":5}},"146":{"start":{"line":147,"column":0},"end":{"line":147,"column":39}},"147":{"start":{"line":148,"column":0},"end":{"line":148,"column":43}},"148":{"start":{"line":149,"column":0},"end":{"line":149,"column":26}},"149":{"start":{"line":150,"column":0},"end":{"line":150,"column":51}},"150":{"start":{"line":151,"column":0},"end":{"line":151,"column":29}},"151":{"start":{"line":152,"column":0},"end":{"line":152,"column":30}},"153":{"start":{"line":154,"column":0},"end":{"line":154,"column":12}},"154":{"start":{"line":155,"column":0},"end":{"line":155,"column":28}},"155":{"start":{"line":156,"column":0},"end":{"line":156,"column":22}},"156":{"start":{"line":157,"column":0},"end":{"line":157,"column":18}},"157":{"start":{"line":158,"column":0},"end":{"line":158,"column":34}},"158":{"start":{"line":159,"column":0},"end":{"line":159,"column":93}},"159":{"start":{"line":160,"column":0},"end":{"line":160,"column":39}},"160":{"start":{"line":161,"column":0},"end":{"line":161,"column":8}},"161":{"start":{"line":162,"column":0},"end":{"line":162,"column":14}},"162":{"start":{"line":163,"column":0},"end":{"line":163,"column":24}},"163":{"start":{"line":164,"column":0},"end":{"line":164,"column":16}},"164":{"start":{"line":165,"column":0},"end":{"line":165,"column":8}},"165":{"start":{"line":166,"column":0},"end":{"line":166,"column":37}},"166":{"start":{"line":167,"column":0},"end":{"line":167,"column":27}},"167":{"start":{"line":168,"column":0},"end":{"line":168,"column":94}},"168":{"start":{"line":169,"column":0},"end":{"line":169,"column":43}},"169":{"start":{"line":170,"column":0},"end":{"line":170,"column":49}},"170":{"start":{"line":171,"column":0},"end":{"line":171,"column":15}},"171":{"start":{"line":172,"column":0},"end":{"line":172,"column":5}},"172":{"start":{"line":173,"column":0},"end":{"line":173,"column":3}},"174":{"start":{"line":175,"column":0},"end":{"line":175,"column":21}},"175":{"start":{"line":176,"column":0},"end":{"line":176,"column":22}},"176":{"start":{"line":177,"column":0},"end":{"line":177,"column":3}},"178":{"start":{"line":179,"column":0},"end":{"line":179,"column":54}},"179":{"start":{"line":180,"column":0},"end":{"line":180,"column":94}},"180":{"start":{"line":181,"column":0},"end":{"line":181,"column":28}},"181":{"start":{"line":182,"column":0},"end":{"line":182,"column":69}},"182":{"start":{"line":183,"column":0},"end":{"line":183,"column":94}},"183":{"start":{"line":184,"column":0},"end":{"line":184,"column":7}},"184":{"start":{"line":185,"column":0},"end":{"line":185,"column":5}},"186":{"start":{"line":187,"column":0},"end":{"line":187,"column":52}},"187":{"start":{"line":188,"column":0},"end":{"line":188,"column":39}},"189":{"start":{"line":190,"column":0},"end":{"line":190,"column":37}},"190":{"start":{"line":191,"column":0},"end":{"line":191,"column":34}},"191":{"start":{"line":192,"column":0},"end":{"line":192,"column":32}},"193":{"start":{"line":194,"column":0},"end":{"line":194,"column":80}},"194":{"start":{"line":195,"column":0},"end":{"line":195,"column":64}},"195":{"start":{"line":196,"column":0},"end":{"line":196,"column":3}},"197":{"start":{"line":198,"column":0},"end":{"line":198,"column":52}},"198":{"start":{"line":199,"column":0},"end":{"line":199,"column":23}},"200":{"start":{"line":201,"column":0},"end":{"line":201,"column":58}},"201":{"start":{"line":202,"column":0},"end":{"line":202,"column":49}},"202":{"start":{"line":203,"column":0},"end":{"line":203,"column":34}},"203":{"start":{"line":204,"column":0},"end":{"line":204,"column":58}},"204":{"start":{"line":205,"column":0},"end":{"line":205,"column":76}},"205":{"start":{"line":206,"column":0},"end":{"line":206,"column":9}},"206":{"start":{"line":207,"column":0},"end":{"line":207,"column":7}},"207":{"start":{"line":208,"column":0},"end":{"line":208,"column":5}},"208":{"start":{"line":209,"column":0},"end":{"line":209,"column":3}},"209":{"start":{"line":210,"column":0},"end":{"line":210,"column":1}}},"s":{"0":1,"18":1,"20":1,"22":1,"23":31,"24":31,"25":31,"26":31,"27":31,"29":31,"30":31,"32":31,"33":31,"34":31,"35":31,"36":31,"37":31,"38":31,"39":31,"40":31,"42":31,"43":98,"44":98,"46":31,"47":9,"48":9,"50":31,"51":23,"53":23,"55":23,"56":23,"58":23,"59":1,"60":1,"62":23,"64":23,"65":23,"66":23,"68":23,"70":23,"71":1,"72":1,"74":22,"76":20,"78":20,"79":20,"81":20,"82":23,"83":3,"84":3,"85":3,"87":3,"88":3,"89":3,"90":3,"91":3,"92":3,"94":3,"95":3,"96":23,"98":31,"99":8,"100":7,"102":6,"104":6,"105":6,"106":6,"107":6,"109":6,"110":8,"111":6,"112":6,"113":6,"115":6,"116":6,"117":0,"119":8,"120":8,"121":8,"122":0,"123":0,"124":8,"126":31,"127":27,"128":27,"129":27,"130":27,"131":27,"132":27,"134":27,"136":27,"137":0,"138":0,"139":27,"140":0,"141":0,"142":27,"143":1,"144":1,"146":27,"147":27,"148":26,"149":1,"150":0,"151":1,"153":27,"154":27,"155":27,"156":27,"157":27,"158":27,"159":27,"160":27,"161":27,"162":27,"163":27,"164":27,"165":27,"166":27,"167":27,"168":27,"169":27,"170":27,"171":27,"172":27,"174":31,"175":2,"176":2,"178":31,"179":4,"180":1,"181":1,"182":1,"183":1,"184":1,"186":3,"187":3,"189":3,"190":3,"191":3,"193":3,"194":3,"195":4,"197":31,"198":23,"200":23,"201":3,"202":1,"203":1,"204":1,"205":1,"206":1,"207":3,"208":23,"209":31},"branchMap":{"0":{"type":"branch","line":23,"loc":{"start":{"line":23,"column":23},"end":{"line":210,"column":1}},"locations":[{"start":{"line":23,"column":23},"end":{"line":210,"column":1}}]},"1":{"type":"branch","line":33,"loc":{"start":{"line":33,"column":2},"end":{"line":41,"column":3}},"locations":[{"start":{"line":33,"column":2},"end":{"line":41,"column":3}}]},"2":{"type":"branch","line":34,"loc":{"start":{"line":34,"column":27},"end":{"line":34,"column":56}},"locations":[{"start":{"line":34,"column":27},"end":{"line":34,"column":56}}]},"3":{"type":"branch","line":35,"loc":{"start":{"line":35,"column":27},"end":{"line":35,"column":59}},"locations":[{"start":{"line":35,"column":27},"end":{"line":35,"column":59}}]},"4":{"type":"branch","line":36,"loc":{"start":{"line":36,"column":26},"end":{"line":36,"column":52}},"locations":[{"start":{"line":36,"column":26},"end":{"line":36,"column":52}}]},"5":{"type":"branch","line":38,"loc":{"start":{"line":38,"column":26},"end":{"line":38,"column":70}},"locations":[{"start":{"line":38,"column":26},"end":{"line":38,"column":70}}]},"6":{"type":"branch","line":40,"loc":{"start":{"line":40,"column":31},"end":{"line":40,"column":63}},"locations":[{"start":{"line":40,"column":31},"end":{"line":40,"column":63}}]},"7":{"type":"branch","line":43,"loc":{"start":{"line":43,"column":2},"end":{"line":45,"column":3}},"locations":[{"start":{"line":43,"column":2},"end":{"line":45,"column":3}}]},"8":{"type":"branch","line":47,"loc":{"start":{"line":47,"column":2},"end":{"line":49,"column":3}},"locations":[{"start":{"line":47,"column":2},"end":{"line":49,"column":3}}]},"9":{"type":"branch","line":51,"loc":{"start":{"line":51,"column":2},"end":{"line":97,"column":3}},"locations":[{"start":{"line":51,"column":2},"end":{"line":97,"column":3}}]},"10":{"type":"branch","line":54,"loc":{"start":{"line":54,"column":61},"end":{"line":54,"column":74}},"locations":[{"start":{"line":54,"column":61},"end":{"line":54,"column":74}}]},"11":{"type":"branch","line":59,"loc":{"start":{"line":59,"column":10},"end":{"line":59,"column":28}},"locations":[{"start":{"line":59,"column":10},"end":{"line":59,"column":28}}]},"12":{"type":"branch","line":59,"loc":{"start":{"line":59,"column":28},"end":{"line":61,"column":7}},"locations":[{"start":{"line":59,"column":28},"end":{"line":61,"column":7}}]},"13":{"type":"branch","line":61,"loc":{"start":{"line":61,"column":6},"end":{"line":63,"column":63}},"locations":[{"start":{"line":61,"column":6},"end":{"line":63,"column":63}}]},"14":{"type":"branch","line":63,"loc":{"start":{"line":63,"column":55},"end":{"line":63,"column":67}},"locations":[{"start":{"line":63,"column":55},"end":{"line":63,"column":67}}]},"15":{"type":"branch","line":65,"loc":{"start":{"line":65,"column":28},"end":{"line":65,"column":49}},"locations":[{"start":{"line":65,"column":28},"end":{"line":65,"column":49}}]},"16":{"type":"branch","line":65,"loc":{"start":{"line":65,"column":36},"end":{"line":65,"column":55}},"locations":[{"start":{"line":65,"column":36},"end":{"line":65,"column":55}}]},"17":{"type":"branch","line":71,"loc":{"start":{"line":71,"column":10},"end":{"line":71,"column":25}},"locations":[{"start":{"line":71,"column":10},"end":{"line":71,"column":25}}]},"18":{"type":"branch","line":71,"loc":{"start":{"line":71,"column":25},"end":{"line":73,"column":7}},"locations":[{"start":{"line":71,"column":25},"end":{"line":73,"column":7}}]},"19":{"type":"branch","line":73,"loc":{"start":{"line":73,"column":6},"end":{"line":75,"column":31}},"locations":[{"start":{"line":73,"column":6},"end":{"line":75,"column":31}}]},"20":{"type":"branch","line":75,"loc":{"start":{"line":75,"column":30},"end":{"line":83,"column":13}},"locations":[{"start":{"line":75,"column":30},"end":{"line":83,"column":13}}]},"21":{"type":"branch","line":83,"loc":{"start":{"line":83,"column":4},"end":{"line":96,"column":5}},"locations":[{"start":{"line":83,"column":4},"end":{"line":96,"column":5}}]},"22":{"type":"branch","line":84,"loc":{"start":{"line":84,"column":43},"end":{"line":84,"column":75}},"locations":[{"start":{"line":84,"column":43},"end":{"line":84,"column":75}}]},"23":{"type":"branch","line":99,"loc":{"start":{"line":99,"column":2},"end":{"line":125,"column":3}},"locations":[{"start":{"line":99,"column":2},"end":{"line":125,"column":3}}]},"24":{"type":"branch","line":100,"loc":{"start":{"line":100,"column":45},"end":{"line":100,"column":51}},"locations":[{"start":{"line":100,"column":45},"end":{"line":100,"column":51}}]},"25":{"type":"branch","line":100,"loc":{"start":{"line":100,"column":45},"end":{"line":101,"column":51}},"locations":[{"start":{"line":100,"column":45},"end":{"line":101,"column":51}}]},"26":{"type":"branch","line":101,"loc":{"start":{"line":101,"column":45},"end":{"line":101,"column":51}},"locations":[{"start":{"line":101,"column":45},"end":{"line":101,"column":51}}]},"27":{"type":"branch","line":101,"loc":{"start":{"line":101,"column":45},"end":{"line":111,"column":81}},"locations":[{"start":{"line":101,"column":45},"end":{"line":111,"column":81}}]},"28":{"type":"branch","line":111,"loc":{"start":{"line":111,"column":81},"end":{"line":117,"column":48}},"locations":[{"start":{"line":111,"column":81},"end":{"line":117,"column":48}}]},"29":{"type":"branch","line":117,"loc":{"start":{"line":117,"column":39},"end":{"line":118,"column":11}},"locations":[{"start":{"line":117,"column":39},"end":{"line":118,"column":11}}]},"30":{"type":"branch","line":122,"loc":{"start":{"line":122,"column":4},"end":{"line":124,"column":5}},"locations":[{"start":{"line":122,"column":4},"end":{"line":124,"column":5}}]},"31":{"type":"branch","line":127,"loc":{"start":{"line":127,"column":2},"end":{"line":173,"column":3}},"locations":[{"start":{"line":127,"column":2},"end":{"line":173,"column":3}}]},"32":{"type":"branch","line":133,"loc":{"start":{"line":133,"column":38},"end":{"line":133,"column":72}},"locations":[{"start":{"line":133,"column":38},"end":{"line":133,"column":72}}]},"33":{"type":"branch","line":133,"loc":{"start":{"line":133,"column":54},"end":{"line":133,"column":73}},"locations":[{"start":{"line":133,"column":54},"end":{"line":133,"column":73}}]},"34":{"type":"branch","line":137,"loc":{"start":{"line":137,"column":46},"end":{"line":139,"column":5}},"locations":[{"start":{"line":137,"column":46},"end":{"line":139,"column":5}}]},"35":{"type":"branch","line":140,"loc":{"start":{"line":140,"column":45},"end":{"line":142,"column":5}},"locations":[{"start":{"line":140,"column":45},"end":{"line":142,"column":5}}]},"36":{"type":"branch","line":143,"loc":{"start":{"line":143,"column":34},"end":{"line":143,"column":85}},"locations":[{"start":{"line":143,"column":34},"end":{"line":143,"column":85}}]},"37":{"type":"branch","line":143,"loc":{"start":{"line":143,"column":71},"end":{"line":143,"column":122}},"locations":[{"start":{"line":143,"column":71},"end":{"line":143,"column":122}}]},"38":{"type":"branch","line":143,"loc":{"start":{"line":143,"column":122},"end":{"line":145,"column":5}},"locations":[{"start":{"line":143,"column":122},"end":{"line":145,"column":5}}]},"39":{"type":"branch","line":148,"loc":{"start":{"line":148,"column":36},"end":{"line":149,"column":26}},"locations":[{"start":{"line":148,"column":36},"end":{"line":149,"column":26}}]},"40":{"type":"branch","line":149,"loc":{"start":{"line":149,"column":8},"end":{"line":152,"column":30}},"locations":[{"start":{"line":149,"column":8},"end":{"line":152,"column":30}}]},"41":{"type":"branch","line":150,"loc":{"start":{"line":150,"column":42},"end":{"line":151,"column":29}},"locations":[{"start":{"line":150,"column":42},"end":{"line":151,"column":29}}]},"42":{"type":"branch","line":159,"loc":{"start":{"line":159,"column":41},"end":{"line":159,"column":76}},"locations":[{"start":{"line":159,"column":41},"end":{"line":159,"column":76}}]},"43":{"type":"branch","line":159,"loc":{"start":{"line":159,"column":53},"end":{"line":159,"column":93}},"locations":[{"start":{"line":159,"column":53},"end":{"line":159,"column":93}}]},"44":{"type":"branch","line":168,"loc":{"start":{"line":168,"column":80},"end":{"line":168,"column":94}},"locations":[{"start":{"line":168,"column":80},"end":{"line":168,"column":94}}]},"45":{"type":"branch","line":175,"loc":{"start":{"line":175,"column":2},"end":{"line":177,"column":3}},"locations":[{"start":{"line":175,"column":2},"end":{"line":177,"column":3}}]},"46":{"type":"branch","line":179,"loc":{"start":{"line":179,"column":2},"end":{"line":196,"column":3}},"locations":[{"start":{"line":179,"column":2},"end":{"line":196,"column":3}}]},"47":{"type":"branch","line":180,"loc":{"start":{"line":180,"column":93},"end":{"line":185,"column":5}},"locations":[{"start":{"line":180,"column":93},"end":{"line":185,"column":5}}]},"48":{"type":"branch","line":185,"loc":{"start":{"line":185,"column":4},"end":{"line":195,"column":64}},"locations":[{"start":{"line":185,"column":4},"end":{"line":195,"column":64}}]},"49":{"type":"branch","line":198,"loc":{"start":{"line":198,"column":10},"end":{"line":209,"column":3}},"locations":[{"start":{"line":198,"column":10},"end":{"line":209,"column":3}}]},"50":{"type":"branch","line":199,"loc":{"start":{"line":199,"column":17},"end":{"line":199,"column":23}},"locations":[{"start":{"line":199,"column":17},"end":{"line":199,"column":23}}]},"51":{"type":"branch","line":199,"loc":{"start":{"line":199,"column":17},"end":{"line":201,"column":57}},"locations":[{"start":{"line":199,"column":17},"end":{"line":201,"column":57}}]},"52":{"type":"branch","line":199,"loc":{"start":{"line":199,"column":17},"end":{"line":201,"column":28}},"locations":[{"start":{"line":199,"column":17},"end":{"line":201,"column":28}}]},"53":{"type":"branch","line":201,"loc":{"start":{"line":201,"column":15},"end":{"line":201,"column":57}},"locations":[{"start":{"line":201,"column":15},"end":{"line":201,"column":57}}]},"54":{"type":"branch","line":201,"loc":{"start":{"line":201,"column":57},"end":{"line":208,"column":5}},"locations":[{"start":{"line":201,"column":57},"end":{"line":208,"column":5}}]},"55":{"type":"branch","line":202,"loc":{"start":{"line":202,"column":48},"end":{"line":207,"column":7}},"locations":[{"start":{"line":202,"column":48},"end":{"line":207,"column":7}}]}},"b":{"0":[31],"1":[31],"2":[0],"3":[0],"4":[0],"5":[0],"6":[0],"7":[98],"8":[9],"9":[23],"10":[18],"11":[4],"12":[1],"13":[22],"14":[4],"15":[4],"16":[19],"17":[4],"18":[1],"19":[22],"20":[20],"21":[3],"22":[0],"23":[8],"24":[1],"25":[7],"26":[1],"27":[6],"28":[6],"29":[0],"30":[0],"31":[27],"32":[1],"33":[26],"34":[0],"35":[0],"36":[1],"37":[1],"38":[1],"39":[26],"40":[1],"41":[0],"42":[26],"43":[1],"44":[0],"45":[2],"46":[4],"47":[1],"48":[3],"49":[23],"50":[18],"51":[21],"52":[5],"53":[4],"54":[3],"55":[1]},"fnMap":{"0":{"name":"<instance_members_initializer>","decl":{"start":{"line":23,"column":23},"end":{"line":210,"column":1}},"loc":{"start":{"line":23,"column":23},"end":{"line":210,"column":1}},"line":23},"1":{"name":"AscendSDK","decl":{"start":{"line":33,"column":2},"end":{"line":41,"column":3}},"loc":{"start":{"line":33,"column":2},"end":{"line":41,"column":3}},"line":33},"2":{"name":"get transport","decl":{"start":{"line":43,"column":2},"end":{"line":45,"column":3}},"loc":{"start":{"line":43,"column":2},"end":{"line":45,"column":3}},"line":43},"3":{"name":"get state","decl":{"start":{"line":47,"column":2},"end":{"line":49,"column":3}},"loc":{"start":{"line":47,"column":2},"end":{"line":49,"column":3}},"line":47},"4":{"name":"initialize","decl":{"start":{"line":51,"column":2},"end":{"line":97,"column":3}},"loc":{"start":{"line":51,"column":2},"end":{"line":97,"column":3}},"line":51},"5":{"name":"shutdown","decl":{"start":{"line":99,"column":2},"end":{"line":125,"column":3}},"loc":{"start":{"line":99,"column":2},"end":{"line":125,"column":3}},"line":99},"6":{"name":"health","decl":{"start":{"line":127,"column":2},"end":{"line":173,"column":3}},"loc":{"start":{"line":127,"column":2},"end":{"line":173,"column":3}},"line":127},"7":{"name":"version","decl":{"start":{"line":175,"column":2},"end":{"line":177,"column":3}},"loc":{"start":{"line":175,"column":2},"end":{"line":177,"column":3}},"line":175},"8":{"name":"switchTransport","decl":{"start":{"line":179,"column":2},"end":{"line":196,"column":3}},"loc":{"start":{"line":179,"column":2},"end":{"line":196,"column":3}},"line":179},"9":{"name":"validateConfig","decl":{"start":{"line":198,"column":10},"end":{"line":209,"column":3}},"loc":{"start":{"line":198,"column":10},"end":{"line":209,"column":3}},"line":198}},"f":{"0":31,"1":31,"2":98,"3":9,"4":23,"5":8,"6":27,"7":2,"8":4,"9":23}}
,"D:\\ASCEND PROJECT\\packages\\sdk\\src\\errors\\ascend.error.ts": {"path":"D:\\ASCEND PROJECT\\packages\\sdk\\src\\errors\\ascend.error.ts","all":false,"statementMap":{"0":{"start":{"line":1,"column":0},"end":{"line":1,"column":40}},"1":{"start":{"line":2,"column":0},"end":{"line":2,"column":23}},"2":{"start":{"line":3,"column":0},"end":{"line":3,"column":29}},"3":{"start":{"line":4,"column":0},"end":{"line":4,"column":27}},"4":{"start":{"line":5,"column":0},"end":{"line":5,"column":28}},"5":{"start":{"line":6,"column":0},"end":{"line":6,"column":29}},"7":{"start":{"line":8,"column":0},"end":{"line":8,"column":14}},"8":{"start":{"line":9,"column":0},"end":{"line":9,"column":20}},"9":{"start":{"line":10,"column":0},"end":{"line":10,"column":15}},"15":{"start":{"line":16,"column":0},"end":{"line":16,"column":5}},"16":{"start":{"line":17,"column":0},"end":{"line":17,"column":18}},"17":{"start":{"line":18,"column":0},"end":{"line":18,"column":29}},"18":{"start":{"line":19,"column":0},"end":{"line":19,"column":45}},"19":{"start":{"line":20,"column":0},"end":{"line":20,"column":48}},"20":{"start":{"line":21,"column":0},"end":{"line":21,"column":35}},"21":{"start":{"line":22,"column":0},"end":{"line":22,"column":31}},"22":{"start":{"line":23,"column":0},"end":{"line":23,"column":48}},"23":{"start":{"line":24,"column":0},"end":{"line":24,"column":3}},"24":{"start":{"line":25,"column":0},"end":{"line":25,"column":1}}},"s":{"0":1,"1":13,"2":13,"3":13,"4":13,"5":13,"7":13,"8":13,"9":13,"15":13,"16":13,"17":13,"18":13,"19":13,"20":13,"21":13,"22":13,"23":13,"24":13},"branchMap":{"0":{"type":"branch","line":1,"loc":{"start":{"line":1,"column":39},"end":{"line":25,"column":1}},"locations":[{"start":{"line":1,"column":39},"end":{"line":25,"column":1}}]},"1":{"type":"branch","line":8,"loc":{"start":{"line":8,"column":2},"end":{"line":24,"column":3}},"locations":[{"start":{"line":8,"column":2},"end":{"line":24,"column":3}}]},"2":{"type":"branch","line":19,"loc":{"start":{"line":19,"column":16},"end":{"line":19,"column":33}},"locations":[{"start":{"line":19,"column":16},"end":{"line":19,"column":33}}]},"3":{"type":"branch","line":19,"loc":{"start":{"line":19,"column":25},"end":{"line":19,"column":45}},"locations":[{"start":{"line":19,"column":25},"end":{"line":19,"column":45}}]},"4":{"type":"branch","line":20,"loc":{"start":{"line":20,"column":22},"end":{"line":20,"column":45}},"locations":[{"start":{"line":20,"column":22},"end":{"line":20,"column":45}}]},"5":{"type":"branch","line":20,"loc":{"start":{"line":20,"column":31},"end":{"line":20,"column":48}},"locations":[{"start":{"line":20,"column":31},"end":{"line":20,"column":48}}]},"6":{"type":"branch","line":21,"loc":{"start":{"line":21,"column":19},"end":{"line":21,"column":35}},"locations":[{"start":{"line":21,"column":19},"end":{"line":21,"column":35}}]},"7":{"type":"branch","line":23,"loc":{"start":{"line":23,"column":21},"end":{"line":23,"column":43}},"locations":[{"start":{"line":23,"column":21},"end":{"line":23,"column":43}}]},"8":{"type":"branch","line":23,"loc":{"start":{"line":23,"column":30},"end":{"line":23,"column":48}},"locations":[{"start":{"line":23,"column":30},"end":{"line":23,"column":48}}]}},"b":{"0":[13],"1":[13],"2":[12],"3":[1],"4":[12],"5":[1],"6":[12],"7":[12],"8":[6]},"fnMap":{"0":{"name":"<instance_members_initializer>","decl":{"start":{"line":1,"column":39},"end":{"line":25,"column":1}},"loc":{"start":{"line":1,"column":39},"end":{"line":25,"column":1}},"line":1},"1":{"name":"AscendError","decl":{"start":{"line":8,"column":2},"end":{"line":24,"column":3}},"loc":{"start":{"line":8,"column":2},"end":{"line":24,"column":3}},"line":8}},"f":{"0":13,"1":13}}
,"D:\\ASCEND PROJECT\\packages\\sdk\\src\\errors\\authentication.error.ts": {"path":"D:\\ASCEND PROJECT\\packages\\sdk\\src\\errors\\authentication.error.ts","all":false,"statementMap":{"0":{"start":{"line":1,"column":0},"end":{"line":1,"column":44}},"2":{"start":{"line":3,"column":0},"end":{"line":3,"column":54}},"3":{"start":{"line":4,"column":0},"end":{"line":4,"column":51}},"4":{"start":{"line":5,"column":0},"end":{"line":5,"column":20}},"5":{"start":{"line":6,"column":0},"end":{"line":6,"column":23}},"6":{"start":{"line":7,"column":0},"end":{"line":7,"column":22}},"7":{"start":{"line":8,"column":0},"end":{"line":8,"column":14}},"8":{"start":{"line":9,"column":0},"end":{"line":9,"column":23}},"9":{"start":{"line":10,"column":0},"end":{"line":10,"column":6}},"10":{"start":{"line":11,"column":0},"end":{"line":11,"column":37}},"11":{"start":{"line":12,"column":0},"end":{"line":12,"column":3}},"12":{"start":{"line":13,"column":0},"end":{"line":13,"column":1}}},"s":{"0":1,"2":1,"3":1,"4":1,"5":1,"6":1,"7":1,"8":1,"9":1,"10":1,"11":1,"12":1},"branchMap":{"0":{"type":"branch","line":4,"loc":{"start":{"line":4,"column":2},"end":{"line":12,"column":3}},"locations":[{"start":{"line":4,"column":2},"end":{"line":12,"column":3}}]}},"b":{"0":[1]},"fnMap":{"0":{"name":"AuthenticationError","decl":{"start":{"line":4,"column":2},"end":{"line":12,"column":3}},"loc":{"start":{"line":4,"column":2},"end":{"line":12,"column":3}},"line":4}},"f":{"0":1}}
,"D:\\ASCEND PROJECT\\packages\\sdk\\src\\errors\\conflict.error.ts": {"path":"D:\\ASCEND PROJECT\\packages\\sdk\\src\\errors\\conflict.error.ts","all":false,"statementMap":{"0":{"start":{"line":1,"column":0},"end":{"line":1,"column":44}},"2":{"start":{"line":3,"column":0},"end":{"line":3,"column":48}},"3":{"start":{"line":4,"column":0},"end":{"line":4,"column":51}},"4":{"start":{"line":5,"column":0},"end":{"line":5,"column":20}},"5":{"start":{"line":6,"column":0},"end":{"line":6,"column":27}},"6":{"start":{"line":7,"column":0},"end":{"line":7,"column":22}},"7":{"start":{"line":8,"column":0},"end":{"line":8,"column":14}},"8":{"start":{"line":9,"column":0},"end":{"line":9,"column":23}},"9":{"start":{"line":10,"column":0},"end":{"line":10,"column":6}},"10":{"start":{"line":11,"column":0},"end":{"line":11,"column":31}},"11":{"start":{"line":12,"column":0},"end":{"line":12,"column":3}},"12":{"start":{"line":13,"column":0},"end":{"line":13,"column":1}}},"s":{"0":1,"2":1,"3":1,"4":1,"5":1,"6":1,"7":1,"8":1,"9":1,"10":1,"11":1,"12":1},"branchMap":{"0":{"type":"branch","line":4,"loc":{"start":{"line":4,"column":2},"end":{"line":12,"column":3}},"locations":[{"start":{"line":4,"column":2},"end":{"line":12,"column":3}}]}},"b":{"0":[1]},"fnMap":{"0":{"name":"ConflictError","decl":{"start":{"line":4,"column":2},"end":{"line":12,"column":3}},"loc":{"start":{"line":4,"column":2},"end":{"line":12,"column":3}},"line":4}},"f":{"0":1}}
,"D:\\ASCEND PROJECT\\packages\\sdk\\src\\errors\\network.error.ts": {"path":"D:\\ASCEND PROJECT\\packages\\sdk\\src\\errors\\network.error.ts","all":false,"statementMap":{"0":{"start":{"line":1,"column":0},"end":{"line":1,"column":44}},"2":{"start":{"line":3,"column":0},"end":{"line":3,"column":47}},"3":{"start":{"line":4,"column":0},"end":{"line":4,"column":51}},"4":{"start":{"line":5,"column":0},"end":{"line":5,"column":20}},"5":{"start":{"line":6,"column":0},"end":{"line":6,"column":26}},"6":{"start":{"line":7,"column":0},"end":{"line":7,"column":20}},"7":{"start":{"line":8,"column":0},"end":{"line":8,"column":14}},"8":{"start":{"line":9,"column":0},"end":{"line":9,"column":22}},"9":{"start":{"line":10,"column":0},"end":{"line":10,"column":6}},"10":{"start":{"line":11,"column":0},"end":{"line":11,"column":30}},"11":{"start":{"line":12,"column":0},"end":{"line":12,"column":3}},"12":{"start":{"line":13,"column":0},"end":{"line":13,"column":1}}},"s":{"0":1,"2":1,"3":1,"4":1,"5":1,"6":1,"7":1,"8":1,"9":1,"10":1,"11":1,"12":1},"branchMap":{"0":{"type":"branch","line":4,"loc":{"start":{"line":4,"column":2},"end":{"line":12,"column":3}},"locations":[{"start":{"line":4,"column":2},"end":{"line":12,"column":3}}]}},"b":{"0":[1]},"fnMap":{"0":{"name":"NetworkError","decl":{"start":{"line":4,"column":2},"end":{"line":12,"column":3}},"loc":{"start":{"line":4,"column":2},"end":{"line":12,"column":3}},"line":4}},"f":{"0":1}}
,"D:\\ASCEND PROJECT\\packages\\sdk\\src\\errors\\offline.error.ts": {"path":"D:\\ASCEND PROJECT\\packages\\sdk\\src\\errors\\offline.error.ts","all":false,"statementMap":{"0":{"start":{"line":1,"column":0},"end":{"line":1,"column":44}},"2":{"start":{"line":3,"column":0},"end":{"line":3,"column":47}},"3":{"start":{"line":4,"column":0},"end":{"line":4,"column":51}},"4":{"start":{"line":5,"column":0},"end":{"line":5,"column":20}},"5":{"start":{"line":6,"column":0},"end":{"line":6,"column":26}},"6":{"start":{"line":7,"column":0},"end":{"line":7,"column":22}},"7":{"start":{"line":8,"column":0},"end":{"line":8,"column":14}},"8":{"start":{"line":9,"column":0},"end":{"line":9,"column":22}},"9":{"start":{"line":10,"column":0},"end":{"line":10,"column":6}},"10":{"start":{"line":11,"column":0},"end":{"line":11,"column":30}},"11":{"start":{"line":12,"column":0},"end":{"line":12,"column":3}},"12":{"start":{"line":13,"column":0},"end":{"line":13,"column":1}}},"s":{"0":1,"2":1,"3":1,"4":1,"5":1,"6":1,"7":1,"8":1,"9":1,"10":1,"11":1,"12":1},"branchMap":{"0":{"type":"branch","line":4,"loc":{"start":{"line":4,"column":2},"end":{"line":12,"column":3}},"locations":[{"start":{"line":4,"column":2},"end":{"line":12,"column":3}}]}},"b":{"0":[1]},"fnMap":{"0":{"name":"OfflineError","decl":{"start":{"line":4,"column":2},"end":{"line":12,"column":3}},"loc":{"start":{"line":4,"column":2},"end":{"line":12,"column":3}},"line":4}},"f":{"0":1}}
,"D:\\ASCEND PROJECT\\packages\\sdk\\src\\errors\\validation.error.ts": {"path":"D:\\ASCEND PROJECT\\packages\\sdk\\src\\errors\\validation.error.ts","all":false,"statementMap":{"0":{"start":{"line":1,"column":0},"end":{"line":1,"column":44}},"2":{"start":{"line":3,"column":0},"end":{"line":3,"column":50}},"3":{"start":{"line":4,"column":0},"end":{"line":4,"column":51}},"4":{"start":{"line":5,"column":0},"end":{"line":5,"column":20}},"5":{"start":{"line":6,"column":0},"end":{"line":6,"column":29}},"6":{"start":{"line":7,"column":0},"end":{"line":7,"column":22}},"7":{"start":{"line":8,"column":0},"end":{"line":8,"column":14}},"8":{"start":{"line":9,"column":0},"end":{"line":9,"column":23}},"9":{"start":{"line":10,"column":0},"end":{"line":10,"column":6}},"10":{"start":{"line":11,"column":0},"end":{"line":11,"column":33}},"11":{"start":{"line":12,"column":0},"end":{"line":12,"column":3}},"12":{"start":{"line":13,"column":0},"end":{"line":13,"column":1}}},"s":{"0":1,"2":1,"3":1,"4":2,"5":2,"6":2,"7":2,"8":2,"9":2,"10":2,"11":2,"12":1},"branchMap":{"0":{"type":"branch","line":4,"loc":{"start":{"line":4,"column":2},"end":{"line":12,"column":3}},"locations":[{"start":{"line":4,"column":2},"end":{"line":12,"column":3}}]}},"b":{"0":[2]},"fnMap":{"0":{"name":"ValidationError","decl":{"start":{"line":4,"column":2},"end":{"line":12,"column":3}},"loc":{"start":{"line":4,"column":2},"end":{"line":12,"column":3}},"line":4}},"f":{"0":2}}
,"D:\\ASCEND PROJECT\\packages\\sdk\\src\\events\\event-bus.ts": {"path":"D:\\ASCEND PROJECT\\packages\\sdk\\src\\events\\event-bus.ts","all":false,"statementMap":{"2":{"start":{"line":3,"column":0},"end":{"line":3,"column":49}},"3":{"start":{"line":4,"column":0},"end":{"line":4,"column":57}},"4":{"start":{"line":5,"column":0},"end":{"line":5,"column":26}},"5":{"start":{"line":6,"column":0},"end":{"line":6,"column":41}},"7":{"start":{"line":8,"column":0},"end":{"line":8,"column":47}},"8":{"start":{"line":9,"column":0},"end":{"line":9,"column":29}},"10":{"start":{"line":11,"column":0},"end":{"line":11,"column":45}},"11":{"start":{"line":12,"column":0},"end":{"line":12,"column":25}},"13":{"start":{"line":14,"column":0},"end":{"line":14,"column":37}},"14":{"start":{"line":15,"column":0},"end":{"line":15,"column":37}},"15":{"start":{"line":16,"column":0},"end":{"line":16,"column":38}},"16":{"start":{"line":17,"column":0},"end":{"line":17,"column":55}},"17":{"start":{"line":18,"column":0},"end":{"line":18,"column":7}},"18":{"start":{"line":19,"column":0},"end":{"line":19,"column":5}},"19":{"start":{"line":20,"column":0},"end":{"line":20,"column":3}},"21":{"start":{"line":22,"column":0},"end":{"line":22,"column":69}},"22":{"start":{"line":23,"column":0},"end":{"line":23,"column":36}},"23":{"start":{"line":24,"column":0},"end":{"line":24,"column":41}},"24":{"start":{"line":25,"column":0},"end":{"line":25,"column":5}},"26":{"start":{"line":27,"column":0},"end":{"line":27,"column":46}},"27":{"start":{"line":28,"column":0},"end":{"line":28,"column":41}},"29":{"start":{"line":30,"column":0},"end":{"line":30,"column":18}},"30":{"start":{"line":31,"column":0},"end":{"line":31,"column":46}},"31":{"start":{"line":32,"column":0},"end":{"line":32,"column":32}},"32":{"start":{"line":33,"column":0},"end":{"line":33,"column":35}},"33":{"start":{"line":34,"column":0},"end":{"line":34,"column":7}},"34":{"start":{"line":35,"column":0},"end":{"line":35,"column":5}},"35":{"start":{"line":36,"column":0},"end":{"line":36,"column":3}},"37":{"start":{"line":38,"column":0},"end":{"line":38,"column":59}},"38":{"start":{"line":39,"column":0},"end":{"line":39,"column":45}},"39":{"start":{"line":40,"column":0},"end":{"line":40,"column":25}},"41":{"start":{"line":42,"column":0},"end":{"line":42,"column":28}},"42":{"start":{"line":43,"column":0},"end":{"line":43,"column":30}},"43":{"start":{"line":44,"column":0},"end":{"line":44,"column":33}},"44":{"start":{"line":45,"column":0},"end":{"line":45,"column":5}},"45":{"start":{"line":46,"column":0},"end":{"line":46,"column":3}},"47":{"start":{"line":48,"column":0},"end":{"line":48,"column":32}},"48":{"start":{"line":49,"column":0},"end":{"line":49,"column":24}},"50":{"start":{"line":51,"column":0},"end":{"line":51,"column":37}},"51":{"start":{"line":52,"column":0},"end":{"line":52,"column":65}},"52":{"start":{"line":53,"column":0},"end":{"line":53,"column":55}},"53":{"start":{"line":54,"column":0},"end":{"line":54,"column":5}},"55":{"start":{"line":56,"column":0},"end":{"line":56,"column":25}},"56":{"start":{"line":57,"column":0},"end":{"line":57,"column":3}},"58":{"start":{"line":59,"column":0},"end":{"line":59,"column":17}},"59":{"start":{"line":60,"column":0},"end":{"line":60,"column":25}},"60":{"start":{"line":61,"column":0},"end":{"line":61,"column":21}},"61":{"start":{"line":62,"column":0},"end":{"line":62,"column":25}},"62":{"start":{"line":63,"column":0},"end":{"line":63,"column":3}},"64":{"start":{"line":65,"column":0},"end":{"line":65,"column":41}},"65":{"start":{"line":66,"column":0},"end":{"line":66,"column":16}},"66":{"start":{"line":67,"column":0},"end":{"line":67,"column":48}},"67":{"start":{"line":68,"column":0},"end":{"line":68,"column":5}},"68":{"start":{"line":69,"column":0},"end":{"line":69,"column":17}},"69":{"start":{"line":70,"column":0},"end":{"line":70,"column":52}},"70":{"start":{"line":71,"column":0},"end":{"line":71,"column":28}},"71":{"start":{"line":72,"column":0},"end":{"line":72,"column":5}},"72":{"start":{"line":73,"column":0},"end":{"line":73,"column":16}},"73":{"start":{"line":74,"column":0},"end":{"line":74,"column":3}},"74":{"start":{"line":75,"column":0},"end":{"line":75,"column":1}}},"s":{"2":1,"3":72,"4":72,"5":72,"7":72,"8":170,"10":170,"11":170,"13":19,"14":17,"15":17,"16":2,"17":2,"18":17,"19":170,"21":72,"22":24,"23":22,"24":22,"26":24,"27":24,"29":24,"30":1,"31":1,"32":1,"33":1,"34":1,"35":24,"37":72,"38":3,"39":3,"41":2,"42":3,"43":1,"44":1,"45":3,"47":72,"48":9,"50":9,"51":2,"52":2,"53":2,"55":9,"56":9,"58":72,"59":1,"60":1,"61":1,"62":1,"64":72,"65":6,"66":2,"67":2,"68":4,"69":6,"70":2,"71":2,"72":4,"73":6,"74":72},"branchMap":{"0":{"type":"branch","line":3,"loc":{"start":{"line":3,"column":48},"end":{"line":75,"column":1}},"locations":[{"start":{"line":3,"column":48},"end":{"line":75,"column":1}}]},"1":{"type":"branch","line":8,"loc":{"start":{"line":8,"column":2},"end":{"line":20,"column":3}},"locations":[{"start":{"line":8,"column":2},"end":{"line":20,"column":3}}]},"2":{"type":"branch","line":9,"loc":{"start":{"line":9,"column":23},"end":{"line":9,"column":29}},"locations":[{"start":{"line":9,"column":23},"end":{"line":9,"column":29}}]},"3":{"type":"branch","line":12,"loc":{"start":{"line":12,"column":19},"end":{"line":12,"column":25}},"locations":[{"start":{"line":12,"column":19},"end":{"line":12,"column":25}}]},"4":{"type":"branch","line":12,"loc":{"start":{"line":12,"column":19},"end":{"line":19,"column":5}},"locations":[{"start":{"line":12,"column":19},"end":{"line":19,"column":5}}]},"5":{"type":"branch","line":12,"loc":{"start":{"line":12,"column":19},"end":{"line":19,"column":5}},"locations":[{"start":{"line":12,"column":19},"end":{"line":19,"column":5}}]},"6":{"type":"branch","line":12,"loc":{"start":{"line":12,"column":19},"end":{"line":14,"column":36}},"locations":[{"start":{"line":12,"column":19},"end":{"line":14,"column":36}}]},"7":{"type":"branch","line":14,"loc":{"start":{"line":14,"column":36},"end":{"line":19,"column":5}},"locations":[{"start":{"line":14,"column":36},"end":{"line":19,"column":5}}]},"8":{"type":"branch","line":16,"loc":{"start":{"line":16,"column":37},"end":{"line":18,"column":7}},"locations":[{"start":{"line":16,"column":37},"end":{"line":18,"column":7}}]},"9":{"type":"branch","line":19,"loc":{"start":{"line":19,"column":4},"end":{"line":19,"column":5}},"locations":[{"start":{"line":19,"column":4},"end":{"line":19,"column":5}}]},"10":{"type":"branch","line":17,"loc":{"start":{"line":17,"column":26},"end":{"line":17,"column":54}},"locations":[{"start":{"line":17,"column":26},"end":{"line":17,"column":54}}]},"11":{"type":"branch","line":22,"loc":{"start":{"line":22,"column":2},"end":{"line":36,"column":3}},"locations":[{"start":{"line":22,"column":2},"end":{"line":36,"column":3}}]},"12":{"type":"branch","line":23,"loc":{"start":{"line":23,"column":35},"end":{"line":25,"column":5}},"locations":[{"start":{"line":23,"column":35},"end":{"line":25,"column":5}}]},"13":{"type":"branch","line":30,"loc":{"start":{"line":30,"column":11},"end":{"line":35,"column":5}},"locations":[{"start":{"line":30,"column":11},"end":{"line":35,"column":5}}]},"14":{"type":"branch","line":38,"loc":{"start":{"line":38,"column":2},"end":{"line":46,"column":3}},"locations":[{"start":{"line":38,"column":2},"end":{"line":46,"column":3}}]},"15":{"type":"branch","line":40,"loc":{"start":{"line":40,"column":19},"end":{"line":40,"column":25}},"locations":[{"start":{"line":40,"column":19},"end":{"line":40,"column":25}}]},"16":{"type":"branch","line":40,"loc":{"start":{"line":40,"column":19},"end":{"line":43,"column":29}},"locations":[{"start":{"line":40,"column":19},"end":{"line":43,"column":29}}]},"17":{"type":"branch","line":43,"loc":{"start":{"line":43,"column":29},"end":{"line":45,"column":5}},"locations":[{"start":{"line":43,"column":29},"end":{"line":45,"column":5}}]},"18":{"type":"branch","line":48,"loc":{"start":{"line":48,"column":2},"end":{"line":57,"column":3}},"locations":[{"start":{"line":48,"column":2},"end":{"line":57,"column":3}}]},"19":{"type":"branch","line":51,"loc":{"start":{"line":51,"column":36},"end":{"line":54,"column":5}},"locations":[{"start":{"line":51,"column":36},"end":{"line":54,"column":5}}]},"20":{"type":"branch","line":53,"loc":{"start":{"line":53,"column":43},"end":{"line":53,"column":53}},"locations":[{"start":{"line":53,"column":43},"end":{"line":53,"column":53}}]},"21":{"type":"branch","line":59,"loc":{"start":{"line":59,"column":2},"end":{"line":63,"column":3}},"locations":[{"start":{"line":59,"column":2},"end":{"line":63,"column":3}}]},"22":{"type":"branch","line":65,"loc":{"start":{"line":65,"column":2},"end":{"line":74,"column":3}},"locations":[{"start":{"line":65,"column":2},"end":{"line":74,"column":3}}]},"23":{"type":"branch","line":66,"loc":{"start":{"line":66,"column":15},"end":{"line":68,"column":5}},"locations":[{"start":{"line":66,"column":15},"end":{"line":68,"column":5}}]},"24":{"type":"branch","line":67,"loc":{"start":{"line":67,"column":36},"end":{"line":67,"column":47}},"locations":[{"start":{"line":67,"column":36},"end":{"line":67,"column":47}}]},"25":{"type":"branch","line":67,"loc":{"start":{"line":67,"column":39},"end":{"line":67,"column":48}},"locations":[{"start":{"line":67,"column":39},"end":{"line":67,"column":48}}]},"26":{"type":"branch","line":68,"loc":{"start":{"line":68,"column":4},"end":{"line":70,"column":51}},"locations":[{"start":{"line":68,"column":4},"end":{"line":70,"column":51}}]},"27":{"type":"branch","line":70,"loc":{"start":{"line":70,"column":51},"end":{"line":72,"column":5}},"locations":[{"start":{"line":70,"column":51},"end":{"line":72,"column":5}}]},"28":{"type":"branch","line":72,"loc":{"start":{"line":72,"column":4},"end":{"line":73,"column":16}},"locations":[{"start":{"line":72,"column":4},"end":{"line":73,"column":16}}]}},"b":{"0":[72],"1":[170],"2":[0],"3":[154],"4":[142],"5":[19],"6":[16],"7":[17],"8":[2],"9":[16],"10":[2],"11":[24],"12":[22],"13":[1],"14":[3],"15":[1],"16":[2],"17":[1],"18":[9],"19":[2],"20":[2],"21":[1],"22":[6],"23":[2],"24":[1],"25":[1],"26":[4],"27":[2],"28":[4]},"fnMap":{"0":{"name":"<instance_members_initializer>","decl":{"start":{"line":3,"column":48},"end":{"line":75,"column":1}},"loc":{"start":{"line":3,"column":48},"end":{"line":75,"column":1}},"line":3},"1":{"name":"publish","decl":{"start":{"line":8,"column":2},"end":{"line":20,"column":3}},"loc":{"start":{"line":8,"column":2},"end":{"line":20,"column":3}},"line":8},"2":{"name":"subscribe","decl":{"start":{"line":22,"column":2},"end":{"line":36,"column":3}},"loc":{"start":{"line":22,"column":2},"end":{"line":36,"column":3}},"line":22},"3":{"name":"unsubscribe","decl":{"start":{"line":38,"column":2},"end":{"line":46,"column":3}},"loc":{"start":{"line":38,"column":2},"end":{"line":46,"column":3}},"line":38},"4":{"name":"drain","decl":{"start":{"line":48,"column":2},"end":{"line":57,"column":3}},"loc":{"start":{"line":48,"column":2},"end":{"line":57,"column":3}},"line":48},"5":{"name":"clear","decl":{"start":{"line":59,"column":2},"end":{"line":63,"column":3}},"loc":{"start":{"line":59,"column":2},"end":{"line":63,"column":3}},"line":59},"6":{"name":"listenerCount","decl":{"start":{"line":65,"column":2},"end":{"line":74,"column":3}},"loc":{"start":{"line":65,"column":2},"end":{"line":74,"column":3}},"line":65}},"f":{"0":72,"1":170,"2":24,"3":3,"4":9,"5":1,"6":6}}
,"D:\\ASCEND PROJECT\\packages\\sdk\\src\\events\\sdk-events.ts": {"path":"D:\\ASCEND PROJECT\\packages\\sdk\\src\\events\\sdk-events.ts","all":false,"statementMap":{"3":{"start":{"line":4,"column":0},"end":{"line":4,"column":26}},"4":{"start":{"line":5,"column":0},"end":{"line":5,"column":47}},"5":{"start":{"line":6,"column":0},"end":{"line":6,"column":45}},"6":{"start":{"line":7,"column":0},"end":{"line":7,"column":64}},"7":{"start":{"line":8,"column":0},"end":{"line":8,"column":48}},"8":{"start":{"line":9,"column":0},"end":{"line":9,"column":39}},"9":{"start":{"line":10,"column":0},"end":{"line":10,"column":53}},"10":{"start":{"line":11,"column":0},"end":{"line":11,"column":51}},"11":{"start":{"line":12,"column":0},"end":{"line":12,"column":57}},"12":{"start":{"line":13,"column":0},"end":{"line":13,"column":45}},"13":{"start":{"line":14,"column":0},"end":{"line":14,"column":45}},"14":{"start":{"line":15,"column":0},"end":{"line":15,"column":39}},"15":{"start":{"line":16,"column":0},"end":{"line":16,"column":37}},"16":{"start":{"line":17,"column":0},"end":{"line":17,"column":10}}},"s":{"3":1,"4":1,"5":1,"6":1,"7":1,"8":1,"9":1,"10":1,"11":1,"12":1,"13":1,"14":1,"15":1,"16":1},"branchMap":{},"b":{},"fnMap":{},"f":{}}
,"D:\\ASCEND PROJECT\\packages\\sdk\\src\\lifecycle\\lifecycle.ts": {"path":"D:\\ASCEND PROJECT\\packages\\sdk\\src\\lifecycle\\lifecycle.ts","all":false,"statementMap":{"0":{"start":{"line":1,"column":0},"end":{"line":1,"column":49}},"6":{"start":{"line":7,"column":0},"end":{"line":7,"column":26}},"7":{"start":{"line":8,"column":0},"end":{"line":8,"column":12}},"8":{"start":{"line":9,"column":0},"end":{"line":9,"column":17}},"9":{"start":{"line":10,"column":0},"end":{"line":10,"column":10}},"10":{"start":{"line":11,"column":0},"end":{"line":11,"column":13}},"11":{"start":{"line":12,"column":0},"end":{"line":12,"column":12}},"12":{"start":{"line":13,"column":0},"end":{"line":13,"column":13}},"13":{"start":{"line":14,"column":0},"end":{"line":14,"column":12}},"14":{"start":{"line":15,"column":0},"end":{"line":15,"column":10}},"18":{"start":{"line":19,"column":0},"end":{"line":19,"column":59}},"19":{"start":{"line":20,"column":0},"end":{"line":20,"column":28}},"20":{"start":{"line":21,"column":0},"end":{"line":21,"column":50}},"21":{"start":{"line":22,"column":0},"end":{"line":22,"column":45}},"22":{"start":{"line":23,"column":0},"end":{"line":23,"column":45}},"23":{"start":{"line":24,"column":0},"end":{"line":24,"column":45}},"24":{"start":{"line":25,"column":0},"end":{"line":25,"column":24}},"25":{"start":{"line":26,"column":0},"end":{"line":26,"column":14}},"26":{"start":{"line":27,"column":0},"end":{"line":27,"column":1}},"37":{"start":{"line":38,"column":0},"end":{"line":38,"column":24}},"38":{"start":{"line":39,"column":0},"end":{"line":39,"column":38}},"39":{"start":{"line":40,"column":0},"end":{"line":40,"column":48}},"40":{"start":{"line":41,"column":0},"end":{"line":41,"column":50}},"41":{"start":{"line":42,"column":0},"end":{"line":42,"column":24}},"42":{"start":{"line":43,"column":0},"end":{"line":43,"column":26}},"43":{"start":{"line":44,"column":0},"end":{"line":44,"column":42}},"45":{"start":{"line":46,"column":0},"end":{"line":46,"column":49}},"46":{"start":{"line":47,"column":0},"end":{"line":47,"column":24}},"47":{"start":{"line":48,"column":0},"end":{"line":48,"column":24}},"48":{"start":{"line":49,"column":0},"end":{"line":49,"column":3}},"50":{"start":{"line":51,"column":0},"end":{"line":51,"column":25}},"51":{"start":{"line":52,"column":0},"end":{"line":52,"column":22}},"52":{"start":{"line":53,"column":0},"end":{"line":53,"column":3}},"54":{"start":{"line":55,"column":0},"end":{"line":55,"column":40}},"55":{"start":{"line":56,"column":0},"end":{"line":56,"column":30}},"56":{"start":{"line":57,"column":0},"end":{"line":57,"column":3}},"58":{"start":{"line":59,"column":0},"end":{"line":59,"column":34}},"59":{"start":{"line":60,"column":0},"end":{"line":60,"column":26}},"60":{"start":{"line":61,"column":0},"end":{"line":61,"column":3}},"62":{"start":{"line":63,"column":0},"end":{"line":63,"column":40}},"63":{"start":{"line":64,"column":0},"end":{"line":64,"column":52}},"64":{"start":{"line":65,"column":0},"end":{"line":65,"column":49}},"65":{"start":{"line":66,"column":0},"end":{"line":66,"column":3}},"67":{"start":{"line":68,"column":0},"end":{"line":68,"column":66}},"68":{"start":{"line":69,"column":0},"end":{"line":69,"column":34}},"70":{"start":{"line":71,"column":0},"end":{"line":71,"column":34}},"71":{"start":{"line":72,"column":0},"end":{"line":72,"column":28}},"72":{"start":{"line":73,"column":0},"end":{"line":73,"column":59}},"73":{"start":{"line":74,"column":0},"end":{"line":74,"column":98}},"74":{"start":{"line":75,"column":0},"end":{"line":75,"column":7}},"75":{"start":{"line":76,"column":0},"end":{"line":76,"column":5}},"77":{"start":{"line":78,"column":0},"end":{"line":78,"column":28}},"78":{"start":{"line":79,"column":0},"end":{"line":79,"column":37}},"79":{"start":{"line":80,"column":0},"end":{"line":80,"column":20}},"81":{"start":{"line":82,"column":0},"end":{"line":82,"column":37}},"82":{"start":{"line":83,"column":0},"end":{"line":83,"column":11}},"83":{"start":{"line":84,"column":0},"end":{"line":84,"column":9}},"84":{"start":{"line":85,"column":0},"end":{"line":85,"column":28}},"85":{"start":{"line":86,"column":0},"end":{"line":86,"column":13}},"86":{"start":{"line":87,"column":0},"end":{"line":87,"column":5}},"88":{"start":{"line":89,"column":0},"end":{"line":89,"column":53}},"89":{"start":{"line":90,"column":0},"end":{"line":90,"column":34}},"90":{"start":{"line":91,"column":0},"end":{"line":91,"column":5}},"92":{"start":{"line":93,"column":0},"end":{"line":93,"column":69}},"94":{"start":{"line":95,"column":0},"end":{"line":95,"column":42}},"95":{"start":{"line":96,"column":0},"end":{"line":96,"column":11}},"96":{"start":{"line":97,"column":0},"end":{"line":97,"column":9}},"97":{"start":{"line":98,"column":0},"end":{"line":98,"column":13}},"98":{"start":{"line":99,"column":0},"end":{"line":99,"column":5}},"99":{"start":{"line":100,"column":0},"end":{"line":100,"column":56}},"101":{"start":{"line":102,"column":0},"end":{"line":102,"column":42}},"102":{"start":{"line":103,"column":0},"end":{"line":103,"column":20}},"103":{"start":{"line":104,"column":0},"end":{"line":104,"column":5}},"104":{"start":{"line":105,"column":0},"end":{"line":105,"column":3}},"106":{"start":{"line":107,"column":0},"end":{"line":107,"column":58}},"107":{"start":{"line":108,"column":0},"end":{"line":108,"column":30}},"108":{"start":{"line":109,"column":0},"end":{"line":109,"column":18}},"109":{"start":{"line":110,"column":0},"end":{"line":110,"column":35}},"110":{"start":{"line":111,"column":0},"end":{"line":111,"column":5}},"111":{"start":{"line":112,"column":0},"end":{"line":112,"column":3}},"113":{"start":{"line":114,"column":0},"end":{"line":114,"column":17}},"114":{"start":{"line":115,"column":0},"end":{"line":115,"column":27}},"115":{"start":{"line":116,"column":0},"end":{"line":116,"column":30}},"116":{"start":{"line":117,"column":0},"end":{"line":117,"column":26}},"117":{"start":{"line":118,"column":0},"end":{"line":118,"column":25}},"118":{"start":{"line":119,"column":0},"end":{"line":119,"column":3}},"119":{"start":{"line":120,"column":0},"end":{"line":120,"column":1}}},"s":{"0":1,"6":1,"7":1,"8":1,"9":1,"10":1,"11":1,"12":1,"13":1,"14":1,"18":1,"19":1,"20":1,"21":1,"22":1,"23":1,"24":1,"25":1,"26":1,"37":1,"38":45,"39":45,"40":45,"41":45,"42":45,"43":45,"45":45,"46":45,"47":45,"48":45,"50":45,"51":160,"52":160,"54":45,"55":3,"56":3,"58":45,"59":67,"60":67,"62":45,"63":101,"64":101,"65":101,"67":45,"68":85,"70":85,"71":2,"72":2,"73":2,"74":2,"75":2,"77":82,"78":82,"79":82,"81":82,"82":82,"83":82,"84":82,"85":82,"86":82,"88":85,"89":23,"90":23,"92":82,"94":82,"95":82,"96":82,"97":82,"98":82,"99":82,"101":85,"102":1,"103":1,"104":85,"106":45,"107":2,"108":2,"109":1,"110":1,"111":2,"113":45,"114":1,"115":1,"116":1,"117":1,"118":1,"119":45},"branchMap":{"0":{"type":"branch","line":38,"loc":{"start":{"line":38,"column":23},"end":{"line":120,"column":1}},"locations":[{"start":{"line":38,"column":23},"end":{"line":120,"column":1}}]},"1":{"type":"branch","line":46,"loc":{"start":{"line":46,"column":2},"end":{"line":49,"column":3}},"locations":[{"start":{"line":46,"column":2},"end":{"line":49,"column":3}}]},"2":{"type":"branch","line":51,"loc":{"start":{"line":51,"column":2},"end":{"line":53,"column":3}},"locations":[{"start":{"line":51,"column":2},"end":{"line":53,"column":3}}]},"3":{"type":"branch","line":55,"loc":{"start":{"line":55,"column":2},"end":{"line":57,"column":3}},"locations":[{"start":{"line":55,"column":2},"end":{"line":57,"column":3}}]},"4":{"type":"branch","line":59,"loc":{"start":{"line":59,"column":2},"end":{"line":61,"column":3}},"locations":[{"start":{"line":59,"column":2},"end":{"line":61,"column":3}}]},"5":{"type":"branch","line":63,"loc":{"start":{"line":63,"column":2},"end":{"line":66,"column":3}},"locations":[{"start":{"line":63,"column":2},"end":{"line":66,"column":3}}]},"6":{"type":"branch","line":65,"loc":{"start":{"line":65,"column":40},"end":{"line":65,"column":49}},"locations":[{"start":{"line":65,"column":40},"end":{"line":65,"column":49}}]},"7":{"type":"branch","line":68,"loc":{"start":{"line":68,"column":2},"end":{"line":105,"column":3}},"locations":[{"start":{"line":68,"column":2},"end":{"line":105,"column":3}}]},"8":{"type":"branch","line":69,"loc":{"start":{"line":69,"column":28},"end":{"line":69,"column":34}},"locations":[{"start":{"line":69,"column":28},"end":{"line":69,"column":34}}]},"9":{"type":"branch","line":69,"loc":{"start":{"line":69,"column":28},"end":{"line":71,"column":33}},"locations":[{"start":{"line":69,"column":28},"end":{"line":71,"column":33}}]},"10":{"type":"branch","line":71,"loc":{"start":{"line":71,"column":33},"end":{"line":76,"column":5}},"locations":[{"start":{"line":71,"column":33},"end":{"line":76,"column":5}}]},"11":{"type":"branch","line":76,"loc":{"start":{"line":76,"column":4},"end":{"line":89,"column":26}},"locations":[{"start":{"line":76,"column":4},"end":{"line":89,"column":26}}]},"12":{"type":"branch","line":89,"loc":{"start":{"line":89,"column":15},"end":{"line":89,"column":52}},"locations":[{"start":{"line":89,"column":15},"end":{"line":89,"column":52}}]},"13":{"type":"branch","line":89,"loc":{"start":{"line":89,"column":52},"end":{"line":91,"column":5}},"locations":[{"start":{"line":89,"column":52},"end":{"line":91,"column":5}}]},"14":{"type":"branch","line":91,"loc":{"start":{"line":91,"column":4},"end":{"line":102,"column":41}},"locations":[{"start":{"line":91,"column":4},"end":{"line":102,"column":41}}]},"15":{"type":"branch","line":102,"loc":{"start":{"line":102,"column":41},"end":{"line":104,"column":5}},"locations":[{"start":{"line":102,"column":41},"end":{"line":104,"column":5}}]},"16":{"type":"branch","line":104,"loc":{"start":{"line":104,"column":4},"end":{"line":104,"column":5}},"locations":[{"start":{"line":104,"column":4},"end":{"line":104,"column":5}}]},"17":{"type":"branch","line":107,"loc":{"start":{"line":107,"column":2},"end":{"line":112,"column":3}},"locations":[{"start":{"line":107,"column":2},"end":{"line":112,"column":3}}]},"18":{"type":"branch","line":109,"loc":{"start":{"line":109,"column":11},"end":{"line":111,"column":5}},"locations":[{"start":{"line":109,"column":11},"end":{"line":111,"column":5}}]},"19":{"type":"branch","line":114,"loc":{"start":{"line":114,"column":2},"end":{"line":119,"column":3}},"locations":[{"start":{"line":114,"column":2},"end":{"line":119,"column":3}}]}},"b":{"0":[45],"1":[45],"2":[160],"3":[3],"4":[67],"5":[101],"6":[0],"7":[85],"8":[1],"9":[84],"10":[2],"11":[82],"12":[25],"13":[23],"14":[82],"15":[1],"16":[82],"17":[2],"18":[1],"19":[1]},"fnMap":{"0":{"name":"<instance_members_initializer>","decl":{"start":{"line":38,"column":23},"end":{"line":120,"column":1}},"loc":{"start":{"line":38,"column":23},"end":{"line":120,"column":1}},"line":38},"1":{"name":"Lifecycle","decl":{"start":{"line":46,"column":2},"end":{"line":49,"column":3}},"loc":{"start":{"line":46,"column":2},"end":{"line":49,"column":3}},"line":46},"2":{"name":"get state","decl":{"start":{"line":51,"column":2},"end":{"line":53,"column":3}},"loc":{"start":{"line":51,"column":2},"end":{"line":53,"column":3}},"line":51},"3":{"name":"get previousState","decl":{"start":{"line":55,"column":2},"end":{"line":57,"column":3}},"loc":{"start":{"line":55,"column":2},"end":{"line":57,"column":3}},"line":55},"4":{"name":"get startedAt","decl":{"start":{"line":59,"column":2},"end":{"line":61,"column":3}},"loc":{"start":{"line":59,"column":2},"end":{"line":61,"column":3}},"line":59},"5":{"name":"canTransition","decl":{"start":{"line":63,"column":2},"end":{"line":66,"column":3}},"loc":{"start":{"line":63,"column":2},"end":{"line":66,"column":3}},"line":63},"6":{"name":"transition","decl":{"start":{"line":68,"column":2},"end":{"line":105,"column":3}},"loc":{"start":{"line":68,"column":2},"end":{"line":105,"column":3}},"line":68},"7":{"name":"onStateChange","decl":{"start":{"line":107,"column":2},"end":{"line":112,"column":3}},"loc":{"start":{"line":107,"column":2},"end":{"line":112,"column":3}},"line":107},"8":{"name":"reset","decl":{"start":{"line":114,"column":2},"end":{"line":119,"column":3}},"loc":{"start":{"line":114,"column":2},"end":{"line":119,"column":3}},"line":114}},"f":{"0":45,"1":45,"2":160,"3":3,"4":67,"5":101,"6":85,"7":2,"8":1}}
[...]
line":16,"column":0},"end":{"line":16,"column":29}},"16":{"start":{"line":17,"column":0},"end":{"line":17,"column":35}},"17":{"start":{"line":18,"column":0},"end":{"line":18,"column":51}},"18":{"start":{"line":19,"column":0},"end":{"line":19,"column":131}},"20":{"start":{"line":21,"column":0},"end":{"line":21,"column":47}},"21":{"start":{"line":22,"column":0},"end":{"line":22,"column":40}},"22":{"start":{"line":23,"column":0},"end":{"line":23,"column":48}},"23":{"start":{"line":24,"column":0},"end":{"line":24,"column":65}},"24":{"start":{"line":25,"column":0},"end":{"line":25,"column":3}},"26":{"start":{"line":27,"column":0},"end":{"line":27,"column":33}},"27":{"start":{"line":28,"column":0},"end":{"line":28,"column":23}},"28":{"start":{"line":29,"column":0},"end":{"line":29,"column":3}},"30":{"start":{"line":31,"column":0},"end":{"line":31,"column":57}},"31":{"start":{"line":32,"column":0},"end":{"line":32,"column":39}},"32":{"start":{"line":33,"column":0},"end":{"line":33,"column":3}},"34":{"start":{"line":35,"column":0},"end":{"line":35,"column":125}},"35":{"start":{"line":36,"column":0},"end":{"line":36,"column":32}},"36":{"start":{"line":37,"column":0},"end":{"line":37,"column":3}},"38":{"start":{"line":39,"column":0},"end":{"line":39,"column":28}},"39":{"start":{"line":40,"column":0},"end":{"line":40,"column":25}},"40":{"start":{"line":41,"column":0},"end":{"line":41,"column":3}},"42":{"start":{"line":43,"column":0},"end":{"line":43,"column":34}},"43":{"start":{"line":44,"column":0},"end":{"line":44,"column":32}},"44":{"start":{"line":45,"column":0},"end":{"line":45,"column":32}},"45":{"start":{"line":46,"column":0},"end":{"line":46,"column":31}},"46":{"start":{"line":47,"column":0},"end":{"line":47,"column":3}},"48":{"start":{"line":49,"column":0},"end":{"line":49,"column":37}},"49":{"start":{"line":50,"column":0},"end":{"line":50,"column":34}},"50":{"start":{"line":51,"column":0},"end":{"line":51,"column":27}},"51":{"start":{"line":52,"column":0},"end":{"line":52,"column":3}},"53":{"start":{"line":54,"column":0},"end":{"line":54,"column":74}},"54":{"start":{"line":55,"column":0},"end":{"line":55,"column":39}},"55":{"start":{"line":56,"column":0},"end":{"line":56,"column":78}},"56":{"start":{"line":57,"column":0},"end":{"line":57,"column":5}},"58":{"start":{"line":59,"column":0},"end":{"line":59,"column":28}},"59":{"start":{"line":60,"column":0},"end":{"line":60,"column":32}},"60":{"start":{"line":61,"column":0},"end":{"line":61,"column":20}},"62":{"start":{"line":63,"column":0},"end":{"line":63,"column":44}},"63":{"start":{"line":64,"column":0},"end":{"line":64,"column":19}},"64":{"start":{"line":65,"column":0},"end":{"line":65,"column":41}},"65":{"start":{"line":66,"column":0},"end":{"line":66,"column":96}},"66":{"start":{"line":67,"column":0},"end":{"line":67,"column":77}},"67":{"start":{"line":68,"column":0},"end":{"line":68,"column":5}},"69":{"start":{"line":70,"column":0},"end":{"line":70,"column":9}},"70":{"start":{"line":71,"column":0},"end":{"line":71,"column":40}},"71":{"start":{"line":72,"column":0},"end":{"line":72,"column":41}},"72":{"start":{"line":73,"column":0},"end":{"line":73,"column":95}},"74":{"start":{"line":75,"column":0},"end":{"line":75,"column":14}},"75":{"start":{"line":76,"column":0},"end":{"line":76,"column":24}},"76":{"start":{"line":77,"column":0},"end":{"line":77,"column":20}},"77":{"start":{"line":78,"column":0},"end":{"line":78,"column":56}},"78":{"start":{"line":79,"column":0},"end":{"line":79,"column":30}},"79":{"start":{"line":80,"column":0},"end":{"line":80,"column":7}},"80":{"start":{"line":81,"column":0},"end":{"line":81,"column":21}},"81":{"start":{"line":82,"column":0},"end":{"line":82,"column":41}},"82":{"start":{"line":83,"column":0},"end":{"line":83,"column":96}},"83":{"start":{"line":84,"column":0},"end":{"line":84,"column":17}},"84":{"start":{"line":85,"column":0},"end":{"line":85,"column":5}},"85":{"start":{"line":86,"column":0},"end":{"line":86,"column":3}},"87":{"start":{"line":88,"column":0},"end":{"line":88,"column":44}},"88":{"start":{"line":89,"column":0},"end":{"line":89,"column":28}},"89":{"start":{"line":90,"column":0},"end":{"line":90,"column":32}},"90":{"start":{"line":91,"column":0},"end":{"line":91,"column":38}},"92":{"start":{"line":93,"column":0},"end":{"line":93,"column":12}},"93":{"start":{"line":94,"column":0},"end":{"line":94,"column":69}},"94":{"start":{"line":95,"column":0},"end":{"line":95,"column":14}},"95":{"start":{"line":96,"column":0},"end":{"line":96,"column":94}},"96":{"start":{"line":97,"column":0},"end":{"line":97,"column":5}},"97":{"start":{"line":98,"column":0},"end":{"line":98,"column":3}},"99":{"start":{"line":100,"column":0},"end":{"line":100,"column":74}},"100":{"start":{"line":101,"column":0},"end":{"line":101,"column":36}},"101":{"start":{"line":102,"column":0},"end":{"line":102,"column":18}},"102":{"start":{"line":103,"column":0},"end":{"line":103,"column":41}},"103":{"start":{"line":104,"column":0},"end":{"line":104,"column":5}},"104":{"start":{"line":105,"column":0},"end":{"line":105,"column":3}},"106":{"start":{"line":107,"column":0},"end":{"line":107,"column":52}},"107":{"start":{"line":108,"column":0},"end":{"line":108,"column":25}},"108":{"start":{"line":109,"column":0},"end":{"line":109,"column":48}},"109":{"start":{"line":110,"column":0},"end":{"line":110,"column":21}},"110":{"start":{"line":111,"column":0},"end":{"line":111,"column":5}},"111":{"start":{"line":112,"column":0},"end":{"line":112,"column":3}},"113":{"start":{"line":114,"column":0},"end":{"line":114,"column":50}},"114":{"start":{"line":115,"column":0},"end":{"line":115,"column":27}},"115":{"start":{"line":116,"column":0},"end":{"line":116,"column":69}},"116":{"start":{"line":117,"column":0},"end":{"line":117,"column":5}},"117":{"start":{"line":118,"column":0},"end":{"line":118,"column":3}},"119":{"start":{"line":120,"column":0},"end":{"line":120,"column":29}},"120":{"start":{"line":121,"column":0},"end":{"line":121,"column":67}},"121":{"start":{"line":122,"column":0},"end":{"line":122,"column":98}},"122":{"start":{"line":123,"column":0},"end":{"line":123,"column":59}},"123":{"start":{"line":124,"column":0},"end":{"line":124,"column":5}},"124":{"start":{"line":125,"column":0},"end":{"line":125,"column":3}},"126":{"start":{"line":127,"column":0},"end":{"line":127,"column":71}},"127":{"start":{"line":128,"column":0},"end":{"line":128,"column":28}},"129":{"start":{"line":130,"column":0},"end":{"line":130,"column":63}},"130":{"start":{"line":131,"column":0},"end":{"line":131,"column":42}},"132":{"start":{"line":133,"column":0},"end":{"line":133,"column":45}},"133":{"start":{"line":134,"column":0},"end":{"line":134,"column":39}},"135":{"start":{"line":136,"column":0},"end":{"line":136,"column":53}},"136":{"start":{"line":137,"column":0},"end":{"line":137,"column":24}},"137":{"start":{"line":138,"column":0},"end":{"line":138,"column":55}},"138":{"start":{"line":139,"column":0},"end":{"line":139,"column":37}},"139":{"start":{"line":140,"column":0},"end":{"line":140,"column":33}},"140":{"start":{"line":141,"column":0},"end":{"line":141,"column":42}},"141":{"start":{"line":142,"column":0},"end":{"line":142,"column":48}},"142":{"start":{"line":143,"column":0},"end":{"line":143,"column":9}},"143":{"start":{"line":144,"column":0},"end":{"line":144,"column":33}},"144":{"start":{"line":145,"column":0},"end":{"line":145,"column":7}},"145":{"start":{"line":146,"column":0},"end":{"line":146,"column":5}},"147":{"start":{"line":148,"column":0},"end":{"line":148,"column":20}},"148":{"start":{"line":149,"column":0},"end":{"line":149,"column":3}},"149":{"start":{"line":150,"column":0},"end":{"line":150,"column":1}}},"s":{"10":1,"11":86,"12":86,"13":86,"14":86,"15":86,"16":86,"17":86,"18":86,"20":86,"21":86,"22":86,"23":86,"24":86,"26":86,"27":3,"28":3,"30":86,"31":34,"32":34,"34":86,"35":3,"36":3,"38":86,"39":11,"40":11,"42":86,"43":36,"44":36,"45":36,"46":36,"48":86,"49":11,"50":11,"51":11,"53":86,"54":10,"55":1,"56":1,"58":9,"59":9,"60":9,"62":9,"63":10,"64":2,"65":2,"66":2,"67":2,"69":6,"70":6,"71":5,"72":5,"74":5,"75":5,"76":5,"77":5,"78":5,"79":5,"80":10,"81":1,"82":1,"83":1,"84":1,"85":10,"87":86,"88":29,"89":29,"90":29,"92":29,"93":29,"94":29,"95":29,"96":29,"97":29,"99":86,"100":2,"101":2,"102":1,"103":1,"104":2,"106":86,"107":83,"108":83,"109":2,"110":2,"111":83,"113":86,"114":74,"115":2,"116":2,"117":74,"119":86,"120":9,"121":1,"122":1,"123":1,"124":9,"126":86,"127":8,"129":8,"130":7,"132":2,"133":2,"135":2,"136":2,"137":2,"138":6,"139":6,"140":6,"141":6,"142":6,"143":2,"144":2,"145":7,"147":2,"148":8,"149":86},"branchMap":{"0":{"type":"branch","line":11,"loc":{"start":{"line":11,"column":48},"end":{"line":150,"column":1}},"locations":[{"start":{"line":11,"column":48},"end":{"line":150,"column":1}}]},"1":{"type":"branch","line":21,"loc":{"start":{"line":21,"column":2},"end":{"line":25,"column":3}},"locations":[{"start":{"line":21,"column":2},"end":{"line":25,"column":3}}]},"2":{"type":"branch","line":22,"loc":{"start":{"line":22,"column":19},"end":{"line":22,"column":39}},"locations":[{"start":{"line":22,"column":19},"end":{"line":22,"column":39}}]},"3":{"type":"branch","line":22,"loc":{"start":{"line":22,"column":28},"end":{"line":22,"column":40}},"locations":[{"start":{"line":22,"column":28},"end":{"line":22,"column":40}}]},"4":{"type":"branch","line":23,"loc":{"start":{"line":23,"column":23},"end":{"line":23,"column":47}},"locations":[{"start":{"line":23,"column":23},"end":{"line":23,"column":47}}]},"5":{"type":"branch","line":23,"loc":{"start":{"line":23,"column":32},"end":{"line":23,"column":48}},"locations":[{"start":{"line":23,"column":32},"end":{"line":23,"column":48}}]},"6":{"type":"branch","line":24,"loc":{"start":{"line":24,"column":27},"end":{"line":24,"column":55}},"locations":[{"start":{"line":24,"column":27},"end":{"line":24,"column":55}}]},"7":{"type":"branch","line":27,"loc":{"start":{"line":27,"column":2},"end":{"line":29,"column":3}},"locations":[{"start":{"line":27,"column":2},"end":{"line":29,"column":3}}]},"8":{"type":"branch","line":31,"loc":{"start":{"line":31,"column":2},"end":{"line":33,"column":3}},"locations":[{"start":{"line":31,"column":2},"end":{"line":33,"column":3}}]},"9":{"type":"branch","line":35,"loc":{"start":{"line":35,"column":2},"end":{"line":37,"column":3}},"locations":[{"start":{"line":35,"column":2},"end":{"line":37,"column":3}}]},"10":{"type":"branch","line":39,"loc":{"start":{"line":39,"column":2},"end":{"line":41,"column":3}},"locations":[{"start":{"line":39,"column":2},"end":{"line":41,"column":3}}]},"11":{"type":"branch","line":43,"loc":{"start":{"line":43,"column":2},"end":{"line":47,"column":3}},"locations":[{"start":{"line":43,"column":2},"end":{"line":47,"column":3}}]},"12":{"type":"branch","line":49,"loc":{"start":{"line":49,"column":2},"end":{"line":52,"column":3}},"locations":[{"start":{"line":49,"column":2},"end":{"line":52,"column":3}}]},"13":{"type":"branch","line":54,"loc":{"start":{"line":54,"column":2},"end":{"line":86,"column":3}},"locations":[{"start":{"line":54,"column":2},"end":{"line":86,"column":3}}]},"14":{"type":"branch","line":55,"loc":{"start":{"line":55,"column":38},"end":{"line":57,"column":5}},"locations":[{"start":{"line":55,"column":38},"end":{"line":57,"column":5}}]},"15":{"type":"branch","line":57,"loc":{"start":{"line":57,"column":4},"end":{"line":64,"column":18}},"locations":[{"start":{"line":57,"column":4},"end":{"line":64,"column":18}}]},"16":{"type":"branch","line":64,"loc":{"start":{"line":64,"column":18},"end":{"line":68,"column":5}},"locations":[{"start":{"line":64,"column":18},"end":{"line":68,"column":5}}]},"17":{"type":"branch","line":68,"loc":{"start":{"line":68,"column":4},"end":{"line":71,"column":40}},"locations":[{"start":{"line":68,"column":4},"end":{"line":71,"column":40}}]},"18":{"type":"branch","line":71,"loc":{"start":{"line":71,"column":39},"end":{"line":81,"column":13}},"locations":[{"start":{"line":71,"column":39},"end":{"line":81,"column":13}}]},"19":{"type":"branch","line":81,"loc":{"start":{"line":81,"column":4},"end":{"line":85,"column":5}},"locations":[{"start":{"line":81,"column":4},"end":{"line":85,"column":5}}]},"20":{"type":"branch","line":88,"loc":{"start":{"line":88,"column":2},"end":{"line":98,"column":3}},"locations":[{"start":{"line":88,"column":2},"end":{"line":98,"column":3}}]},"21":{"type":"branch","line":94,"loc":{"start":{"line":94,"column":31},"end":{"line":94,"column":57}},"locations":[{"start":{"line":94,"column":31},"end":{"line":94,"column":57}}]},"22":{"type":"branch","line":94,"loc":{"start":{"line":94,"column":45},"end":{"line":94,"column":69}},"locations":[{"start":{"line":94,"column":45},"end":{"line":94,"column":69}}]},"23":{"type":"branch","line":96,"loc":{"start":{"line":96,"column":32},"end":{"line":96,"column":84}},"locations":[{"start":{"line":96,"column":32},"end":{"line":96,"column":84}}]},"24":{"type":"branch","line":96,"loc":{"start":{"line":96,"column":79},"end":{"line":96,"column":94}},"locations":[{"start":{"line":96,"column":79},"end":{"line":96,"column":94}}]},"25":{"type":"branch","line":100,"loc":{"start":{"line":100,"column":2},"end":{"line":105,"column":3}},"locations":[{"start":{"line":100,"column":2},"end":{"line":105,"column":3}}]},"26":{"type":"branch","line":102,"loc":{"start":{"line":102,"column":11},"end":{"line":104,"column":5}},"locations":[{"start":{"line":102,"column":11},"end":{"line":104,"column":5}}]},"27":{"type":"branch","line":107,"loc":{"start":{"line":107,"column":10},"end":{"line":112,"column":3}},"locations":[{"start":{"line":107,"column":10},"end":{"line":112,"column":3}}]},"28":{"type":"branch","line":109,"loc":{"start":{"line":109,"column":47},"end":{"line":111,"column":5}},"locations":[{"start":{"line":109,"column":47},"end":{"line":111,"column":5}}]},"29":{"type":"branch","line":114,"loc":{"start":{"line":114,"column":2},"end":{"line":118,"column":3}},"locations":[{"start":{"line":114,"column":2},"end":{"line":118,"column":3}}]},"30":{"type":"branch","line":115,"loc":{"start":{"line":115,"column":26},"end":{"line":117,"column":5}},"locations":[{"start":{"line":115,"column":26},"end":{"line":117,"column":5}}]},"31":{"type":"branch","line":116,"loc":{"start":{"line":116,"column":24},"end":{"line":116,"column":68}},"locations":[{"start":{"line":116,"column":24},"end":{"line":116,"column":68}}]},"32":{"type":"branch","line":120,"loc":{"start":{"line":120,"column":10},"end":{"line":125,"column":3}},"locations":[{"start":{"line":120,"column":10},"end":{"line":125,"column":3}}]},"33":{"type":"branch","line":121,"loc":{"start":{"line":121,"column":27},"end":{"line":121,"column":66}},"locations":[{"start":{"line":121,"column":27},"end":{"line":121,"column":66}}]},"34":{"type":"branch","line":121,"loc":{"start":{"line":121,"column":66},"end":{"line":124,"column":5}},"locations":[{"start":{"line":121,"column":66},"end":{"line":124,"column":5}}]},"35":{"type":"branch","line":127,"loc":{"start":{"line":127,"column":10},"end":{"line":149,"column":3}},"locations":[{"start":{"line":127,"column":10},"end":{"line":149,"column":3}}]},"36":{"type":"branch","line":130,"loc":{"start":{"line":130,"column":62},"end":{"line":146,"column":5}},"locations":[{"start":{"line":130,"column":62},"end":{"line":146,"column":5}}]},"37":{"type":"branch","line":131,"loc":{"start":{"line":131,"column":28},"end":{"line":131,"column":42}},"locations":[{"start":{"line":131,"column":28},"end":{"line":131,"column":42}}]},"38":{"type":"branch","line":131,"loc":{"start":{"line":131,"column":35},"end":{"line":145,"column":7}},"locations":[{"start":{"line":131,"column":35},"end":{"line":145,"column":7}}]},"39":{"type":"branch","line":138,"loc":{"start":{"line":138,"column":54},"end":{"line":143,"column":9}},"locations":[{"start":{"line":138,"column":54},"end":{"line":143,"column":9}}]},"40":{"type":"branch","line":141,"loc":{"start":{"line":141,"column":34},"end":{"line":141,"column":42}},"locations":[{"start":{"line":141,"column":34},"end":{"line":141,"column":42}}]},"41":{"type":"branch","line":141,"loc":{"start":{"line":141,"column":34},"end":{"line":142,"column":24}},"locations":[{"start":{"line":141,"column":34},"end":{"line":142,"column":24}}]},"42":{"type":"branch","line":142,"loc":{"start":{"line":142,"column":24},"end":{"line":142,"column":48}},"locations":[{"start":{"line":142,"column":24},"end":{"line":142,"column":48}}]},"43":{"type":"branch","line":144,"loc":{"start":{"line":144,"column":19},"end":{"line":144,"column":33}},"locations":[{"start":{"line":144,"column":19},"end":{"line":144,"column":33}}]},"44":{"type":"branch","line":146,"loc":{"start":{"line":146,"column":4},"end":{"line":148,"column":20}},"locations":[{"start":{"line":146,"column":4},"end":{"line":148,"column":20}}]}},"b":{"0":[86],"1":[86],"2":[7],"3":[84],"4":[7],"5":[84],"6":[7],"7":[3],"8":[34],"9":[3],"10":[11],"11":[36],"12":[11],"13":[10],"14":[1],"15":[9],"16":[2],"17":[6],"18":[5],"19":[1],"20":[29],"21":[27],"22":[2],"23":[2],"24":[27],"25":[2],"26":[1],"27":[83],"28":[2],"29":[74],"30":[2],"31":[2],"32":[9],"33":[1],"34":[1],"35":[8],"36":[7],"37":[5],"38":[2],"39":[6],"40":[1],"41":[5],"42":[1],"43":[1],"44":[2]},"fnMap":{"0":{"name":"<instance_members_initializer>","decl":{"start":{"line":11,"column":48},"end":{"line":150,"column":1}},"loc":{"start":{"line":11,"column":48},"end":{"line":150,"column":1}},"line":11},"1":{"name":"MockTransport","decl":{"start":{"line":21,"column":2},"end":{"line":25,"column":3}},"loc":{"start":{"line":21,"column":2},"end":{"line":25,"column":3}},"line":21},"2":{"name":"get status","decl":{"start":{"line":27,"column":2},"end":{"line":29,"column":3}},"loc":{"start":{"line":27,"column":2},"end":{"line":29,"column":3}},"line":27},"3":{"name":"register","decl":{"start":{"line":31,"column":2},"end":{"line":33,"column":3}},"loc":{"start":{"line":31,"column":2},"end":{"line":33,"column":3}},"line":31},"4":{"name":"getCallHistory","decl":{"start":{"line":35,"column":2},"end":{"line":37,"column":3}},"loc":{"start":{"line":35,"column":2},"end":{"line":37,"column":3}},"line":35},"5":{"name":"clearCallHistory","decl":{"start":{"line":39,"column":2},"end":{"line":41,"column":3}},"loc":{"start":{"line":39,"column":2},"end":{"line":41,"column":3}},"line":39},"6":{"name":"connect","decl":{"start":{"line":43,"column":2},"end":{"line":47,"column":3}},"loc":{"start":{"line":43,"column":2},"end":{"line":47,"column":3}},"line":43},"7":{"name":"disconnect","decl":{"start":{"line":49,"column":2},"end":{"line":52,"column":3}},"loc":{"start":{"line":49,"column":2},"end":{"line":52,"column":3}},"line":49},"8":{"name":"request","decl":{"start":{"line":54,"column":2},"end":{"line":86,"column":3}},"loc":{"start":{"line":54,"column":2},"end":{"line":86,"column":3}},"line":54},"9":{"name":"health","decl":{"start":{"line":88,"column":2},"end":{"line":98,"column":3}},"loc":{"start":{"line":88,"column":2},"end":{"line":98,"column":3}},"line":88},"10":{"name":"onStatusChange","decl":{"start":{"line":100,"column":2},"end":{"line":105,"column":3}},"loc":{"start":{"line":100,"column":2},"end":{"line":105,"column":3}},"line":100},"11":{"name":"setStatus","decl":{"start":{"line":107,"column":10},"end":{"line":112,"column":3}},"loc":{"start":{"line":107,"column":10},"end":{"line":112,"column":3}},"line":107},"12":{"name":"simulateLatency","decl":{"start":{"line":114,"column":2},"end":{"line":118,"column":3}},"loc":{"start":{"line":114,"column":2},"end":{"line":118,"column":3}},"line":114},"13":{"name":"maybeFail","decl":{"start":{"line":120,"column":10},"end":{"line":125,"column":3}},"loc":{"start":{"line":120,"column":10},"end":{"line":125,"column":3}},"line":120},"14":{"name":"findHandler","decl":{"start":{"line":127,"column":10},"end":{"line":149,"column":3}},"loc":{"start":{"line":127,"column":10},"end":{"line":149,"column":3}},"line":127}},"f":{"0":86,"1":86,"2":3,"3":34,"4":3,"5":11,"6":36,"7":11,"8":10,"9":29,"10":2,"11":83,"12":74,"13":9,"14":8}}
}
